#
# A fatal error has been detected by the Java Runtime Environment:
#
#  SIGSEGV (0xb) at pc=0x00007f312d069cba, pid=5147, tid=0x00007f311faee700
#
# JRE version: Java(TM) SE Runtime Environment (8.0_171-b11) (build 1.8.0_171-b11)
# Java VM: Java HotSpot(TM) 64-Bit Server VM (25.171-b11 mixed mode linux-amd64 compressed oops)
# Problematic frame:
# v  ~BufferBlob::jni_fast_GetLongField
#
# Failed to write core dump. Core dumps have been disabled. To enable core dumping, try "ulimit -c unlimited" before starting Java again
#
# If you would like to submit a bug report, please visit:
#   http://bugreport.java.com/bugreport/crash.jsp
# The crash happened outside the Java Virtual Machine in native code.
# See problematic frame for where to report the bug.
#

---------------  T H R E A D  ---------------

Current thread (0x00007f313c21a000):  JavaThread "AWT-XAWT" daemon [_thread_in_native, id=5169, stack(0x00007f311f9ee000,0x00007f311faef000)]

siginfo: si_signo: 11 (SIGSEGV), si_code: 1 (SEGV_MAPERR), si_addr: 0x0000000000000000

Registers:
RAX=0x00007f314452f4c0, RBX=0x00007f313c21a1f8, RCX=0x00007f3144fc0320, RDX=0x0000000000000042
RSP=0x00007f311faed558, RBP=0x00007f311faed580, RSI=0x0000000000000000, RDI=0x00007f313c21a1f8
R8 =0x00000000ebe044f8, R9 =0x0000000000000000, R10=0x000000000000008a, R11=0x00007f312d2b8118
R12=0x00007f30d800ff90, R13=0x0000000000000000, R14=0x00007f3125ad9820, R15=0x00007f313c21a000
RIP=0x00007f312d069cba, EFLAGS=0x0000000000010246, CSGSFS=0x002b000000000033, ERR=0x0000000000000004
  TRAPNO=0x000000000000000e

Top of Stack: (sp=0x00007f311faed558)
0x00007f311faed558:   00007f31258b8001 00007f314117d030
0x00007f311faed568:   00007f30d800ff90 00007f311faed630
0x00007f311faed578:   00007f311faed600 0000000000000000
0x00007f311faed588:   00007f312539a300 00007f314117d030
0x00007f311faed598:   00007f311faed5c0 0000000000000000
0x00007f311faed5a8:   00007f3125391e23 00007f311faed630
0x00007f311faed5b8:   00007f31258b123f 00007f311faed610
0x00007f311faed5c8:   00007f312d2b81b6 0000000000000000
0x00007f311faed5d8:   00007f312d22db76 00007f311faed630
0x00007f311faed5e8:   00007f312d17352c 00007f311faed690
0x00007f311faed5f8:   00000000ebf833c8 00000000ebf84128
0x00007f311faed608:   0000000000000001 00007f311faed690
0x00007f311faed618:   00007f312d007a90 00007f311faed690
0x00007f311faed628:   00007f312d007a90 0000000000000000
0x00007f311faed638:   00007f312d007dd0 00007f30ec001090
0x00007f311faed648:   00000000ec01a248 00007f311faed650
0x00007f311faed658:   00007f314115d18c 00007f311faed6d8
0x00007f311faed668:   00007f3141166170 0000000000000000
0x00007f311faed678:   00007f314115d2c8 00007f311faed630
0x00007f311faed688:   00007f311faed6d0 00007f311faed720
0x00007f311faed698:   00007f312d0082bd 0000000000000000
0x00007f311faed6a8:   00000000ec2ce280 0000000000000000
0x00007f311faed6b8:   0000000000000000 0000000000000000
0x00007f311faed6c8:   00000000ec01a248 0000000000000000
0x00007f311faed6d8:   00000000ebfb6f98 00007f311faed6e0
0x00007f311faed6e8:   00007f314115cfcd 00007f311faed730
0x00007f311faed6f8:   00007f3141166170 0000000000000000
0x00007f311faed708:   00007f314115cfd8 00007f311faed6d0
0x00007f311faed718:   00007f311faed730 00007f311faed778
0x00007f311faed728:   00007f312d008302 00000000ebfb6f98
0x00007f311faed738:   00007f311faed738 00007f3140cba53b
0x00007f311faed748:   00007f311faed788 00007f3140d41f88 

Instructions: (pc=0x00007f312d069cba)
0x00007f312d069c9a:   00 00 00 00 00 00 44 8b 15 41 53 50 17 4c 8b ce
0x00007f312d069caa:   41 f6 c2 01 0f 85 2e 00 00 00 4d 33 ca 4d 33 ca
0x00007f312d069cba:   4d 8b 09 4c 8b da 49 c1 eb 02 4b 8b 04 19 49 bb
0x00007f312d069cca:   e8 ef 56 44 31 7f 00 00 4c 33 d8 4c 33 d8 45 3b 

Register to memory mapping:

RAX=0x00007f314452f4c0: <offset 0xf914c0> in /usr/lib/jvm/java-8-oracle/jre/lib/amd64/server/libjvm.so at 0x00007f314359e000
RBX=0x00007f313c21a1f8 is an unknown value
RCX=0x00007f3144fc0320: <offset 0x21a320> in /lib/x86_64-linux-gnu/libpthread.so.0 at 0x00007f3144da6000
RDX=0x0000000000000042 is an unknown value
RSP=0x00007f311faed558 is pointing into the stack for thread: 0x00007f313c21a000
RBP=0x00007f311faed580 is pointing into the stack for thread: 0x00007f313c21a000
RSI=0x0000000000000000 is an unknown value
RDI=0x00007f313c21a1f8 is an unknown value
R8 =0x00000000ebe044f8 is an oop
sun.util.logging.PlatformLogger$Level 
 - klass: 'sun/util/logging/PlatformLogger$Level'
R9 =0x0000000000000000 is an unknown value
R10=0x000000000000008a is an unknown value
R11=0x00007f312d2b8118 is at entry_point+24 in (nmethod*)0x00007f312d2b7f90
R12=0x00007f30d800ff90 is an unknown value
R13=0x0000000000000000 is an unknown value
R14=0x00007f3125ad9820: <offset 0x258820> in /usr/lib/jvm/java-8-oracle/jre/lib/amd64/libawt_xawt.so at 0x00007f3125881000
R15=0x00007f313c21a000 is a thread


Stack: [0x00007f311f9ee000,0x00007f311faef000],  sp=0x00007f311faed558,  free space=1021k
Native frames: (J=compiled Java code, j=interpreted, Vv=VM code, C=native code)
v  ~BufferBlob::jni_fast_GetLongField
C  [libX11.so.6+0x64300]  _XimServerDestroy+0x70

Java frames: (J=compiled Java code, j=interpreted, Vv=VM code)
J 761  sun.awt.X11.XlibWrapper.XFilterEvent(JJ)Z (0 bytes) @ 0x00007f312d2b8144 [0x00007f312d2b8100+0x44]
j  sun.awt.X11.XToolkit.run(Z)V+300
j  sun.awt.X11.XToolkit.run()V+5
j  java.lang.Thread.run()V+11
v  ~StubRoutines::call_stub

---------------  P R O C E S S  ---------------

Java Threads: ( => current thread )
  0x00007f30e4001000 JavaThread "XToolkt-Shutdown-Thread" [_thread_blocked, id=7648, stack(0x00007f30df9fe000,0x00007f30dfaff000)]
  0x00007f3100003000 JavaThread "SIGHUP handler" daemon [_thread_blocked, id=7646, stack(0x00007f311f8ed000,0x00007f311f9ee000)]
  0x00007f3100002000 JavaThread "SIGHUP handler" daemon [_thread_blocked, id=7642, stack(0x00007f311c143000,0x00007f311c244000)]
  0x00007f3100001000 JavaThread "SIGTERM handler" daemon [_thread_blocked, id=7639, stack(0x00007f311c042000,0x00007f311c143000)]
  0x00007f30d801a800 JavaThread "TimerQueue" daemon [_thread_blocked, id=5173, stack(0x00007f30dfaff000,0x00007f30dfc00000)]
=>0x00007f313c21a000 JavaThread "AWT-XAWT" daemon [_thread_in_native, id=5169, stack(0x00007f311f9ee000,0x00007f311faef000)]
  0x00007f313c1f6000 JavaThread "Java2D Disposer" daemon [_thread_blocked, id=5168, stack(0x00007f311feff000,0x00007f3120000000)]
  0x00007f313c0c2800 JavaThread "Service Thread" daemon [_thread_blocked, id=5165, stack(0x00007f3125ead000,0x00007f3125fae000)]
  0x00007f313c0bf000 JavaThread "C1 CompilerThread2" daemon [_thread_blocked, id=5164, stack(0x00007f3125faf000,0x00007f31260af000)]
  0x00007f313c0bd800 JavaThread "C2 CompilerThread1" daemon [_thread_blocked, id=5163, stack(0x00007f31260b0000,0x00007f31261b0000)]
  0x00007f313c0ba800 JavaThread "C2 CompilerThread0" daemon [_thread_blocked, id=5162, stack(0x00007f312c0e7000,0x00007f312c1e7000)]
  0x00007f313c0b9000 JavaThread "Signal Dispatcher" daemon [_thread_blocked, id=5161, stack(0x00007f312c1e7000,0x00007f312c2e8000)]
  0x00007f313c085800 JavaThread "Finalizer" daemon [_thread_blocked, id=5160, stack(0x00007f312c6f7000,0x00007f312c7f8000)]
  0x00007f313c081000 JavaThread "Reference Handler" daemon [_thread_blocked, id=5159, stack(0x00007f312c7f8000,0x00007f312c8f9000)]
  0x00007f313c00b000 JavaThread "main" [_thread_in_native, id=5153, stack(0x00007f31450cc000,0x00007f31451cc000)]

Other Threads:
  0x00007f313c079000 VMThread [stack: 0x00007f312c8fa000,0x00007f312c9fa000] [id=5158]
  0x00007f313c0c7000 WatcherThread [stack: 0x00007f3125dad000,0x00007f3125ead000] [id=5166]

VM state:not at safepoint (normal execution)

VM Mutex/Monitor currently owned by a thread: None

Heap:
 PSYoungGen      total 18432K, used 8265K [0x00000000ebd00000, 0x00000000ed180000, 0x0000000100000000)
  eden space 15872K, 52% used [0x00000000ebd00000,0x00000000ec512548,0x00000000ecc80000)
  from space 2560K, 0% used [0x00000000ecf00000,0x00000000ecf00000,0x00000000ed180000)
  to   space 2560K, 0% used [0x00000000ecc80000,0x00000000ecc80000,0x00000000ecf00000)
 ParOldGen       total 42496K, used 0K [0x00000000c3600000, 0x00000000c5f80000, 0x00000000ebd00000)
  object space 42496K, 0% used [0x00000000c3600000,0x00000000c3600000,0x00000000c5f80000)
 Metaspace       used 12636K, capacity 12816K, committed 13184K, reserved 1060864K
  class space    used 1531K, capacity 1582K, committed 1664K, reserved 1048576K

Card table byte_map: [0x00007f3141bb9000,0x00007f3141d9f000] byte_map_base: 0x00007f314159e000

Marking Bits: (ParMarkBitMap*) 0x00007f314456e280
 Begin Bits: [0x00007f31261b0000, 0x00007f31270d8000)
 End Bits:   [0x00007f31270d8000, 0x00007f3128000000)

Polling page: 0x00007f31451e9000

CodeCache: size=245760Kb used=2834Kb max_used=2845Kb free=242925Kb
 bounds [0x00007f312d000000, 0x00007f312d2d0000, 0x00007f313c000000]
 total_blobs=1333 nmethods=776 adapters=471
 compilation: enabled

Compilation events (10 events):
Event: 3462.810 Thread 0x00007f313c0bf000  772       3       java.util.Vector::<init> (53 bytes)
Event: 3462.810 Thread 0x00007f313c0bf000 nmethod 772 0x00007f312d2c27d0 code [0x00007f312d2c2980, 0x00007f312d2c2e38]
Event: 4245.269 Thread 0x00007f313c0bd800  773       4       sun.awt.X11.XEvent::get_type (18 bytes)
Event: 4245.272 Thread 0x00007f313c0bd800 nmethod 773 0x00007f312d2c2250 code [0x00007f312d2c23c0, 0x00007f312d2c2558]
Event: 14071.886 Thread 0x00007f313c0bf000  774       3       sun.awt.X11.XMSelection$1::dispatchEvent (10 bytes)
Event: 14073.091 Thread 0x00007f313c0bf000 nmethod 774 0x00007f312d2c7290 code [0x00007f312d2c7440, 0x00007f312d2c7898]
Event: 14073.091 Thread 0x00007f313c0bf000  775       3       sun.awt.X11.XMSelection::processRootEvent (32 bytes)
Event: 14073.091 Thread 0x00007f313c0bf000 nmethod 775 0x00007f312d2c6a90 code [0x00007f312d2c6c40, 0x00007f312d2c7018]
Event: 14473.585 Thread 0x00007f313c0ba800  776       4       java.lang.Long::valueOf (36 bytes)
Event: 14473.631 Thread 0x00007f313c0ba800 nmethod 776 0x00007f312d2b5790 code [0x00007f312d2b58e0, 0x00007f312d2b5a18]

GC Heap History (0 events):
No events

Deoptimization events (6 events):
Event: 3.031 Thread 0x00007f313c00b000 Uncommon trap: reason=null_check action=make_not_entrant pc=0x00007f312d16da6c method=java.lang.String.equals(Ljava/lang/Object;)Z @ 8
Event: 4.144 Thread 0x00007f313c00b000 Uncommon trap: reason=unstable_if action=reinterpret pc=0x00007f312d1de3bc method=java.lang.AbstractStringBuilder.append(Ljava/lang/String;)Ljava/lang/AbstractStringBuilder; @ 1
Event: 5.666 Thread 0x00007f313c286000 Uncommon trap: reason=class_check action=maybe_recompile pc=0x00007f312d182128 method=java.lang.String.equals(Ljava/lang/Object;)Z @ 8
Event: 5.666 Thread 0x00007f313c286000 Uncommon trap: reason=class_check action=maybe_recompile pc=0x00007f312d182128 method=java.lang.String.equals(Ljava/lang/Object;)Z @ 8
Event: 6.577 Thread 0x00007f313c286000 Uncommon trap: reason=class_check action=maybe_recompile pc=0x00007f312d182128 method=java.lang.String.equals(Ljava/lang/Object;)Z @ 8
Event: 6.577 Thread 0x00007f313c286000 Uncommon trap: reason=class_check action=maybe_recompile pc=0x00007f312d182128 method=java.lang.String.equals(Ljava/lang/Object;)Z @ 8

Classes redefined (0 events):
No events

Internal exceptions (10 events):
Event: 0.240 Thread 0x00007f313c00b000 Exception <a 'java/security/PrivilegedActionException'> (0x00000000ebd8fb50) thrown at [/HUDSON/workspace/8-2-build-linux-amd64/jdk8u171/10807/hotspot/src/share/vm/prims/jvm.cpp, line 1435]
Event: 0.240 Thread 0x00007f313c00b000 Exception <a 'java/security/PrivilegedActionException'> (0x00000000ebd8ff48) thrown at [/HUDSON/workspace/8-2-build-linux-amd64/jdk8u171/10807/hotspot/src/share/vm/prims/jvm.cpp, line 1435]
Event: 2.788 Thread 0x00007f313c00b000 Exception <a 'java/lang/NoSuchFieldError': method resolution failed> (0x00000000ebed58c8) thrown at [/HUDSON/workspace/8-2-build-linux-amd64/jdk8u171/10807/hotspot/src/share/vm/prims/methodHandles.cpp, line 1167]
Event: 2.791 Thread 0x00007f313c00b000 Exception <a 'java/lang/NoSuchFieldError': method resolution failed> (0x00000000ebee3170) thrown at [/HUDSON/workspace/8-2-build-linux-amd64/jdk8u171/10807/hotspot/src/share/vm/prims/methodHandles.cpp, line 1167]
Event: 2.970 Thread 0x00007f313c00b000 Exception <a 'java/io/FileNotFoundException'> (0x00000000ebf62090) thrown at [/HUDSON/workspace/8-2-build-linux-amd64/jdk8u171/10807/hotspot/src/share/vm/prims/jni.cpp, line 709]
Event: 2.970 Thread 0x00007f313c00b000 Exception <a 'java/io/FileNotFoundException'> (0x00000000ebf62a30) thrown at [/HUDSON/workspace/8-2-build-linux-amd64/jdk8u171/10807/hotspot/src/share/vm/prims/jni.cpp, line 709]
Event: 3.031 Thread 0x00007f313c00b000 Implicit null exception at 0x00007f312d16d8a2 to 0x00007f312d16da5d
Event: 4.144 Thread 0x00007f313c00b000 Implicit null exception at 0x00007f312d1ddff5 to 0x00007f312d1de3a9
Event: 5.058 Thread 0x00007f313c286000 Exception <a 'java/lang/UnsupportedOperationException': > (0x00000000ec211c38) thrown at [/HUDSON/workspace/8-2-build-linux-amd64/jdk8u171/10807/hotspot/src/share/vm/prims/jni.cpp, line 735]
Event: 7.766 Thread 0x00007f313c286000 Exception <a 'java/lang/UnsupportedOperationException': > (0x00000000ec240f40) thrown at [/HUDSON/workspace/8-2-build-linux-amd64/jdk8u171/10807/hotspot/src/share/vm/prims/jni.cpp, line 735]

Events (10 events):
Event: 10.544 loading class sun/awt/AWTAutoShutdown$1 done
Event: 10.544 Thread 0x00007f313c284800 Thread exited: 0x00007f313c284800
Event: 10.544 Thread 0x00007f313c286000 Thread exited: 0x00007f313c286000
Event: 5410.872 loading class sun/awt/X11/XkbEvent
Event: 5411.434 loading class sun/awt/X11/XkbEvent done
Event: 5411.524 loading class sun/awt/X11/XkbAnyEvent
Event: 5411.538 loading class sun/awt/X11/XkbAnyEvent done
Event: 14513.889 loading class sun/awt/X11/XDestroyWindowEvent
Event: 14514.427 loading class sun/awt/X11/XDestroyWindowEvent done
Event: 14514.714 loading class sun/misc/Signal$1


Dynamic libraries:
00400000-00401000 r-xp 00000000 08:07 8915736                            /usr/lib/jvm/java-8-oracle/bin/java
00600000-00601000 rw-p 00000000 08:07 8915736                            /usr/lib/jvm/java-8-oracle/bin/java
00cf6000-00d17000 rw-p 00000000 00:00 0                                  [heap]
c3600000-c5f80000 rw-p 00000000 00:00 0 
c5f80000-ebd00000 ---p 00000000 00:00 0 
ebd00000-ed180000 rw-p 00000000 00:00 0 
ed180000-100000000 ---p 00000000 00:00 0 
100000000-1001a0000 rw-p 00000000 00:00 0 
1001a0000-140000000 ---p 00000000 00:00 0 
7f30cc000000-7f30cc021000 rw-p 00000000 00:00 0 
7f30cc021000-7f30d0000000 ---p 00000000 00:00 0 
7f30d4000000-7f30d4021000 rw-p 00000000 00:00 0 
7f30d4021000-7f30d8000000 ---p 00000000 00:00 0 
7f30d8000000-7f30d82be000 rw-p 00000000 00:00 0 
7f30d82be000-7f30dc000000 ---p 00000000 00:00 0 
7f30df9fe000-7f30dfa01000 ---p 00000000 00:00 0 
7f30dfa01000-7f30dfaff000 rw-p 00000000 00:00 0 
7f30dfaff000-7f30dfb02000 ---p 00000000 00:00 0 
7f30dfb02000-7f30dfd40000 rw-p 00000000 00:00 0 
7f30dfd40000-7f30dfe00000 ---p 00000000 00:00 0 
7f30dfe00000-7f30e0000000 rw-p 00000000 00:00 0 
7f30e0000000-7f30e0021000 rw-p 00000000 00:00 0 
7f30e0021000-7f30e4000000 ---p 00000000 00:00 0 
7f30e4000000-7f30e4021000 rw-p 00000000 00:00 0 
7f30e4021000-7f30e8000000 ---p 00000000 00:00 0 
7f30e8000000-7f30e8021000 rw-p 00000000 00:00 0 
7f30e8021000-7f30ec000000 ---p 00000000 00:00 0 
7f30ec000000-7f30ec02e000 rw-p 00000000 00:00 0 
7f30ec02e000-7f30f0000000 ---p 00000000 00:00 0 
7f30f0000000-7f30f0021000 rw-p 00000000 00:00 0 
7f30f0021000-7f30f4000000 ---p 00000000 00:00 0 
7f30f4000000-7f30f4021000 rw-p 00000000 00:00 0 
7f30f4021000-7f30f8000000 ---p 00000000 00:00 0 
7f30f8000000-7f30f808f000 rw-p 00000000 00:00 0 
7f30f808f000-7f30fc000000 ---p 00000000 00:00 0 
7f30fc000000-7f30fc285000 rw-p 00000000 00:00 0 
7f30fc285000-7f3100000000 ---p 00000000 00:00 0 
7f3100000000-7f3100021000 rw-p 00000000 00:00 0 
7f3100021000-7f3104000000 ---p 00000000 00:00 0 
7f3104000000-7f31040dc000 rw-p 00000000 00:00 0 
7f31040dc000-7f3108000000 ---p 00000000 00:00 0 
7f3108000000-7f3108021000 rw-p 00000000 00:00 0 
7f3108021000-7f310c000000 ---p 00000000 00:00 0 
7f310c000000-7f310c021000 rw-p 00000000 00:00 0 
7f310c021000-7f3110000000 ---p 00000000 00:00 0 
7f3110000000-7f3110021000 rw-p 00000000 00:00 0 
7f3110021000-7f3114000000 ---p 00000000 00:00 0 
7f3114000000-7f3114021000 rw-p 00000000 00:00 0 
7f3114021000-7f3118000000 ---p 00000000 00:00 0 
7f3118000000-7f3118021000 rw-p 00000000 00:00 0 
7f3118021000-7f311c000000 ---p 00000000 00:00 0 
7f311c042000-7f311c045000 ---p 00000000 00:00 0 
7f311c045000-7f311c143000 rw-p 00000000 00:00 0 
7f311c143000-7f311c146000 ---p 00000000 00:00 0 
7f311c146000-7f311c244000 rw-p 00000000 00:00 0 
7f311c244000-7f311c2ae000 r-xp 00000000 08:07 9177673                    /usr/lib/jvm/java-8-oracle/jre/lib/amd64/libt2k.so
7f311c2ae000-7f311c4ad000 ---p 0006a000 08:07 9177673                    /usr/lib/jvm/java-8-oracle/jre/lib/amd64/libt2k.so
7f311c4ad000-7f311c4b4000 rw-p 00069000 08:07 9177673                    /usr/lib/jvm/java-8-oracle/jre/lib/amd64/libt2k.so
7f311c4b4000-7f311c4c4000 rw-p 00000000 00:00 0 
7f311c4c4000-7f311c4d5000 r-xp 00000000 08:07 9177719                    /usr/lib/jvm/java-8-oracle/jre/lib/amd64/libnio.so
7f311c4d5000-7f311c6d4000 ---p 00011000 08:07 9177719                    /usr/lib/jvm/java-8-oracle/jre/lib/amd64/libnio.so
7f311c6d4000-7f311c6d5000 rw-p 00010000 08:07 9177719                    /usr/lib/jvm/java-8-oracle/jre/lib/amd64/libnio.so
7f311c6d5000-7f311f6d6000 rw-p 00000000 00:00 0 
7f311f6d6000-7f311f6ec000 r-xp 00000000 08:07 9177716                    /usr/lib/jvm/java-8-oracle/jre/lib/amd64/libnet.so
7f311f6ec000-7f311f8ec000 ---p 00016000 08:07 9177716                    /usr/lib/jvm/java-8-oracle/jre/lib/amd64/libnet.so
7f311f8ec000-7f311f8ed000 rw-p 00016000 08:07 9177716                    /usr/lib/jvm/java-8-oracle/jre/lib/amd64/libnet.so
7f311f8ed000-7f311f8f0000 ---p 00000000 00:00 0 
7f311f8f0000-7f311f9ee000 rw-p 00000000 00:00 0 
7f311f9ee000-7f311f9f1000 ---p 00000000 00:00 0 
7f311f9f1000-7f311faef000 rw-p 00000000 00:00 0 
7f311faef000-7f311faf4000 r-xp 00000000 08:07 8918275                    /usr/lib/x86_64-linux-gnu/libXfixes.so.3.1.0
7f311faf4000-7f311fcf3000 ---p 00005000 08:07 8918275                    /usr/lib/x86_64-linux-gnu/libXfixes.so.3.1.0
7f311fcf3000-7f311fcf4000 r--p 00004000 08:07 8918275                    /usr/lib/x86_64-linux-gnu/libXfixes.so.3.1.0
7f311fcf4000-7f311fcf5000 rw-p 00005000 08:07 8918275                    /usr/lib/x86_64-linux-gnu/libXfixes.so.3.1.0
7f311fcf5000-7f311fcfe000 r-xp 00000000 08:07 8921082                    /usr/lib/x86_64-linux-gnu/libXcursor.so.1.0.2
7f311fcfe000-7f311fefd000 ---p 00009000 08:07 8921082                    /usr/lib/x86_64-linux-gnu/libXcursor.so.1.0.2
7f311fefd000-7f311fefe000 r--p 00008000 08:07 8921082                    /usr/lib/x86_64-linux-gnu/libXcursor.so.1.0.2
7f311fefe000-7f311feff000 rw-p 00009000 08:07 8921082                    /usr/lib/x86_64-linux-gnu/libXcursor.so.1.0.2
7f311feff000-7f311ff02000 ---p 00000000 00:00 0 
7f311ff02000-7f3120000000 rw-p 00000000 00:00 0 
7f3120000000-7f3120021000 rw-p 00000000 00:00 0 
7f3120021000-7f3124000000 ---p 00000000 00:00 0 
7f312403e000-7f3124055000 r-xp 00000000 08:07 10223690                   /lib/x86_64-linux-gnu/libgcc_s.so.1
7f3124055000-7f3124254000 ---p 00017000 08:07 10223690                   /lib/x86_64-linux-gnu/libgcc_s.so.1
7f3124254000-7f3124255000 r--p 00016000 08:07 10223690                   /lib/x86_64-linux-gnu/libgcc_s.so.1
7f3124255000-7f3124256000 rw-p 00017000 08:07 10223690                   /lib/x86_64-linux-gnu/libgcc_s.so.1
7f3124256000-7f31242bb000 r-xp 00000000 08:07 9177691                    /usr/lib/jvm/java-8-oracle/jre/lib/amd64/libfontmanager.so
7f31242bb000-7f31244ba000 ---p 00065000 08:07 9177691                    /usr/lib/jvm/java-8-oracle/jre/lib/amd64/libfontmanager.so
7f31244ba000-7f31244bf000 rw-p 00064000 08:07 9177691                    /usr/lib/jvm/java-8-oracle/jre/lib/amd64/libfontmanager.so
7f31244bf000-7f31244cf000 rw-p 00000000 00:00 0 
7f31244cf000-7f31244e2000 r-xp 00000000 08:07 10223802                   /lib/x86_64-linux-gnu/libbsd.so.0.8.7
7f31244e2000-7f31246e1000 ---p 00013000 08:07 10223802                   /lib/x86_64-linux-gnu/libbsd.so.0.8.7
7f31246e1000-7f31246e2000 r--p 00012000 08:07 10223802                   /lib/x86_64-linux-gnu/libbsd.so.0.8.7
7f31246e2000-7f31246e3000 rw-p 00013000 08:07 10223802                   /lib/x86_64-linux-gnu/libbsd.so.0.8.7
7f31246e3000-7f31246e4000 rw-p 00000000 00:00 0 
7f31246e4000-7f31246e9000 r-xp 00000000 08:07 8918253                    /usr/lib/x86_64-linux-gnu/libXdmcp.so.6.0.0
7f31246e9000-7f31248e8000 ---p 00005000 08:07 8918253                    /usr/lib/x86_64-linux-gnu/libXdmcp.so.6.0.0
7f31248e8000-7f31248e9000 r--p 00004000 08:07 8918253                    /usr/lib/x86_64-linux-gnu/libXdmcp.so.6.0.0
7f31248e9000-7f31248ea000 rw-p 00005000 08:07 8918253                    /usr/lib/x86_64-linux-gnu/libXdmcp.so.6.0.0
7f31248ea000-7f31248ec000 r-xp 00000000 08:07 8921068                    /usr/lib/x86_64-linux-gnu/libXau.so.6.0.0
7f31248ec000-7f3124aec000 ---p 00002000 08:07 8921068                    /usr/lib/x86_64-linux-gnu/libXau.so.6.0.0
7f3124aec000-7f3124aed000 r--p 00002000 08:07 8921068                    /usr/lib/x86_64-linux-gnu/libXau.so.6.0.0
7f3124aed000-7f3124aee000 rw-p 00003000 08:07 8921068                    /usr/lib/x86_64-linux-gnu/libXau.so.6.0.0
7f3124aee000-7f3124b14000 r-xp 00000000 08:07 8914361                    /usr/lib/x86_64-linux-gnu/libxcb.so.1.1.0
7f3124b14000-7f3124d14000 ---p 00026000 08:07 8914361                    /usr/lib/x86_64-linux-gnu/libxcb.so.1.1.0
7f3124d14000-7f3124d15000 r--p 00026000 08:07 8914361                    /usr/lib/x86_64-linux-gnu/libxcb.so.1.1.0
7f3124d15000-7f3124d16000 rw-p 00027000 08:07 8914361                    /usr/lib/x86_64-linux-gnu/libxcb.so.1.1.0
7f3124d16000-7f3124d25000 r-xp 00000000 08:07 8921620                    /usr/lib/x86_64-linux-gnu/libXi.so.6.1.0
7f3124d25000-7f3124f24000 ---p 0000f000 08:07 8921620                    /usr/lib/x86_64-linux-gnu/libXi.so.6.1.0
7f3124f24000-7f3124f25000 r--p 0000e000 08:07 8921620                    /usr/lib/x86_64-linux-gnu/libXi.so.6.1.0
7f3124f25000-7f3124f26000 rw-p 0000f000 08:07 8921620                    /usr/lib/x86_64-linux-gnu/libXi.so.6.1.0
7f3124f26000-7f3124f2b000 r-xp 00000000 08:07 8918302                    /usr/lib/x86_64-linux-gnu/libXtst.so.6.1.0
7f3124f2b000-7f312512a000 ---p 00005000 08:07 8918302                    /usr/lib/x86_64-linux-gnu/libXtst.so.6.1.0
7f312512a000-7f312512b000 r--p 00004000 08:07 8918302                    /usr/lib/x86_64-linux-gnu/libXtst.so.6.1.0
7f312512b000-7f312512c000 rw-p 00005000 08:07 8918302                    /usr/lib/x86_64-linux-gnu/libXtst.so.6.1.0
7f312512c000-7f3125135000 r-xp 00000000 08:07 8922088                    /usr/lib/x86_64-linux-gnu/libXrender.so.1.3.0
7f3125135000-7f3125334000 ---p 00009000 08:07 8922088                    /usr/lib/x86_64-linux-gnu/libXrender.so.1.3.0
7f3125334000-7f3125335000 r--p 00008000 08:07 8922088                    /usr/lib/x86_64-linux-gnu/libXrender.so.1.3.0
7f3125335000-7f3125336000 rw-p 00009000 08:07 8922088                    /usr/lib/x86_64-linux-gnu/libXrender.so.1.3.0
7f3125336000-7f312546a000 r-xp 00000000 08:07 8918241                    /usr/lib/x86_64-linux-gnu/libX11.so.6.3.0
7f312546a000-7f312566a000 ---p 00134000 08:07 8918241                    /usr/lib/x86_64-linux-gnu/libX11.so.6.3.0
7f312566a000-7f312566b000 r--p 00134000 08:07 8918241                    /usr/lib/x86_64-linux-gnu/libX11.so.6.3.0
7f312566b000-7f312566f000 rw-p 00135000 08:07 8918241                    /usr/lib/x86_64-linux-gnu/libX11.so.6.3.0
7f312566f000-7f3125680000 r-xp 00000000 08:07 8921081                    /usr/lib/x86_64-linux-gnu/libXext.so.6.4.0
7f3125680000-7f312587f000 ---p 00011000 08:07 8921081                    /usr/lib/x86_64-linux-gnu/libXext.so.6.4.0
7f312587f000-7f3125880000 r--p 00010000 08:07 8921081                    /usr/lib/x86_64-linux-gnu/libXext.so.6.4.0
7f3125880000-7f3125881000 rw-p 00011000 08:07 8921081                    /usr/lib/x86_64-linux-gnu/libXext.so.6.4.0
7f3125881000-7f31258d5000 r-xp 00000000 08:07 9177723                    /usr/lib/jvm/java-8-oracle/jre/lib/amd64/libawt_xawt.so
7f31258d5000-7f3125ad5000 ---p 00054000 08:07 9177723                    /usr/lib/jvm/java-8-oracle/jre/lib/amd64/libawt_xawt.so
7f3125ad5000-7f3125ad9000 rw-p 00054000 08:07 9177723                    /usr/lib/jvm/java-8-oracle/jre/lib/amd64/libawt_xawt.so
7f3125ad9000-7f3125ada000 rw-p 00000000 00:00 0 
7f3125ada000-7f3125b7c000 r-xp 00000000 08:07 9177709                    /usr/lib/jvm/java-8-oracle/jre/lib/amd64/libawt.so
7f3125b7c000-7f3125d7c000 ---p 000a2000 08:07 9177709                    /usr/lib/jvm/java-8-oracle/jre/lib/amd64/libawt.so
7f3125d7c000-7f3125d88000 rw-p 000a2000 08:07 9177709                    /usr/lib/jvm/java-8-oracle/jre/lib/amd64/libawt.so
7f3125d88000-7f3125dac000 rw-p 00000000 00:00 0 
7f3125dac000-7f3125dad000 ---p 00000000 00:00 0 
7f3125dad000-7f3125ead000 rw-p 00000000 00:00 0 
7f3125ead000-7f3125eb0000 ---p 00000000 00:00 0 
7f3125eb0000-7f3125fae000 rw-p 00000000 00:00 0 
7f3125fae000-7f3125faf000 ---p 00000000 00:00 0 
7f3125faf000-7f3125fb2000 ---p 00000000 00:00 0 
7f3125fb2000-7f31260af000 rw-p 00000000 00:00 0 
7f31260af000-7f31260b0000 ---p 00000000 00:00 0 
7f31260b0000-7f31260b3000 ---p 00000000 00:00 0 
7f31260b3000-7f3128000000 rw-p 00000000 00:00 0 
7f3128000000-7f3128021000 rw-p 00000000 00:00 0 
7f3128021000-7f312c000000 ---p 00000000 00:00 0 
7f312c0e6000-7f312c0e7000 ---p 00000000 00:00 0 
7f312c0e7000-7f312c0ea000 ---p 00000000 00:00 0 
7f312c0ea000-7f312c1e7000 rw-p 00000000 00:00 0 
7f312c1e7000-7f312c1ea000 ---p 00000000 00:00 0 
7f312c1ea000-7f312c2e8000 rw-p 00000000 00:00 0 
7f312c2e8000-7f312c6f7000 r--p 00000000 08:07 8917804                    /usr/lib/locale/locale-archive
7f312c6f7000-7f312c6fa000 ---p 00000000 00:00 0 
7f312c6fa000-7f312c7f8000 rw-p 00000000 00:00 0 
7f312c7f8000-7f312c7fb000 ---p 00000000 00:00 0 
7f312c7fb000-7f312c8f9000 rw-p 00000000 00:00 0 
7f312c8f9000-7f312c8fa000 ---p 00000000 00:00 0 
7f312c8fa000-7f312d000000 rw-p 00000000 00:00 0 
7f312d000000-7f312d2d0000 rwxp 00000000 00:00 0 
7f312d2d0000-7f313c000000 ---p 00000000 00:00 0 
7f313c000000-7f313c2f3000 rw-p 00000000 00:00 0 
7f313c2f3000-7f3140000000 ---p 00000000 00:00 0 
7f314006e000-7f3140081000 r--s 00345000 08:07 9177318                    /usr/lib/jvm/java-8-oracle/jre/lib/resources.jar
7f3140081000-7f3140a3c000 rw-p 00000000 00:00 0 
7f3140a3c000-7f3140c16000 r--s 03d68000 08:07 9176517                    /usr/lib/jvm/java-8-oracle/jre/lib/rt.jar
7f3140c16000-7f3141671000 rw-p 00000000 00:00 0 
7f3141671000-7f3141672000 ---p 00000000 00:00 0 
7f3141672000-7f3141772000 rw-p 00000000 00:00 0 
7f3141772000-7f3141773000 ---p 00000000 00:00 0 
7f3141773000-7f3141873000 rw-p 00000000 00:00 0 
7f3141873000-7f3141874000 ---p 00000000 00:00 0 
7f3141874000-7f3141974000 rw-p 00000000 00:00 0 
7f3141974000-7f3141975000 ---p 00000000 00:00 0 
7f3141975000-7f3141a8a000 rw-p 00000000 00:00 0 
7f3141a8a000-7f3141bb9000 ---p 00000000 00:00 0 
7f3141bb9000-7f3141bce000 rw-p 00000000 00:00 0 
7f3141bce000-7f3141cfc000 ---p 00000000 00:00 0 
7f3141cfc000-7f3141d07000 rw-p 00000000 00:00 0 
7f3141d07000-7f3141d9e000 ---p 00000000 00:00 0 
7f3141d9e000-7f3141dab000 rw-p 00000000 00:00 0 
7f3141dab000-7f314215f000 ---p 00000000 00:00 0 
7f314215f000-7f314217a000 r-xp 00000000 08:07 9177712                    /usr/lib/jvm/java-8-oracle/jre/lib/amd64/libzip.so
7f314217a000-7f314237a000 ---p 0001b000 08:07 9177712                    /usr/lib/jvm/java-8-oracle/jre/lib/amd64/libzip.so
7f314237a000-7f314237b000 rw-p 0001b000 08:07 9177712                    /usr/lib/jvm/java-8-oracle/jre/lib/amd64/libzip.so
7f314237b000-7f3142386000 r-xp 00000000 08:07 10223900                   /lib/x86_64-linux-gnu/libnss_files-2.27.so
7f3142386000-7f3142585000 ---p 0000b000 08:07 10223900                   /lib/x86_64-linux-gnu/libnss_files-2.27.so
7f3142585000-7f3142586000 r--p 0000a000 08:07 10223900                   /lib/x86_64-linux-gnu/libnss_files-2.27.so
7f3142586000-7f3142587000 rw-p 0000b000 08:07 10223900                   /lib/x86_64-linux-gnu/libnss_files-2.27.so
7f3142587000-7f314258d000 rw-p 00000000 00:00 0 
7f314258d000-7f31425a4000 r-xp 00000000 08:07 10223894                   /lib/x86_64-linux-gnu/libnsl-2.27.so
7f31425a4000-7f31427a3000 ---p 00017000 08:07 10223894                   /lib/x86_64-linux-gnu/libnsl-2.27.so
7f31427a3000-7f31427a4000 r--p 00016000 08:07 10223894                   /lib/x86_64-linux-gnu/libnsl-2.27.so
7f31427a4000-7f31427a5000 rw-p 00017000 08:07 10223894                   /lib/x86_64-linux-gnu/libnsl-2.27.so
7f31427a5000-7f31427a7000 rw-p 00000000 00:00 0 
7f31427a7000-7f31427b2000 r-xp 00000000 08:07 10223904                   /lib/x86_64-linux-gnu/libnss_nis-2.27.so
7f31427b2000-7f31429b1000 ---p 0000b000 08:07 10223904                   /lib/x86_64-linux-gnu/libnss_nis-2.27.so
7f31429b1000-7f31429b2000 r--p 0000a000 08:07 10223904                   /lib/x86_64-linux-gnu/libnss_nis-2.27.so
7f31429b2000-7f31429b3000 rw-p 0000b000 08:07 10223904                   /lib/x86_64-linux-gnu/libnss_nis-2.27.so
7f31429b3000-7f31429bb000 r-xp 00000000 08:07 10223896                   /lib/x86_64-linux-gnu/libnss_compat-2.27.so
7f31429bb000-7f3142bbb000 ---p 00008000 08:07 10223896                   /lib/x86_64-linux-gnu/libnss_compat-2.27.so
7f3142bbb000-7f3142bbc000 r--p 00008000 08:07 10223896                   /lib/x86_64-linux-gnu/libnss_compat-2.27.so
7f3142bbc000-7f3142bbd000 rw-p 00009000 08:07 10223896                   /lib/x86_64-linux-gnu/libnss_compat-2.27.so
7f3142bbd000-7f3142be8000 r-xp 00000000 08:07 9177705                    /usr/lib/jvm/java-8-oracle/jre/lib/amd64/libjava.so
7f3142be8000-7f3142de7000 ---p 0002b000 08:07 9177705                    /usr/lib/jvm/java-8-oracle/jre/lib/amd64/libjava.so
7f3142de7000-7f3142de9000 rw-p 0002a000 08:07 9177705                    /usr/lib/jvm/java-8-oracle/jre/lib/amd64/libjava.so
7f3142de9000-7f3142df6000 r-xp 00000000 08:07 9177711                    /usr/lib/jvm/java-8-oracle/jre/lib/amd64/libverify.so
7f3142df6000-7f3142ff6000 ---p 0000d000 08:07 9177711                    /usr/lib/jvm/java-8-oracle/jre/lib/amd64/libverify.so
7f3142ff6000-7f3142ff8000 rw-p 0000d000 08:07 9177711                    /usr/lib/jvm/java-8-oracle/jre/lib/amd64/libverify.so
7f3142ff8000-7f3142fff000 r-xp 00000000 08:07 10223914                   /lib/x86_64-linux-gnu/librt-2.27.so
7f3142fff000-7f31431fe000 ---p 00007000 08:07 10223914                   /lib/x86_64-linux-gnu/librt-2.27.so
7f31431fe000-7f31431ff000 r--p 00006000 08:07 10223914                   /lib/x86_64-linux-gnu/librt-2.27.so
7f31431ff000-7f3143200000 rw-p 00007000 08:07 10223914                   /lib/x86_64-linux-gnu/librt-2.27.so
7f3143200000-7f314339d000 r-xp 00000000 08:07 10223888                   /lib/x86_64-linux-gnu/libm-2.27.so
7f314339d000-7f314359c000 ---p 0019d000 08:07 10223888                   /lib/x86_64-linux-gnu/libm-2.27.so
7f314359c000-7f314359d000 r--p 0019c000 08:07 10223888                   /lib/x86_64-linux-gnu/libm-2.27.so
7f314359d000-7f314359e000 rw-p 0019d000 08:07 10223888                   /lib/x86_64-linux-gnu/libm-2.27.so
7f314359e000-7f3144277000 r-xp 00000000 08:07 9177683                    /usr/lib/jvm/java-8-oracle/jre/lib/amd64/server/libjvm.so
7f3144277000-7f3144476000 ---p 00cd9000 08:07 9177683                    /usr/lib/jvm/java-8-oracle/jre/lib/amd64/server/libjvm.so
7f3144476000-7f3144550000 rw-p 00cd8000 08:07 9177683                    /usr/lib/jvm/java-8-oracle/jre/lib/amd64/server/libjvm.so
7f3144550000-7f314459b000 rw-p 00000000 00:00 0 
7f314459b000-7f3144782000 r-xp 00000000 08:07 10223880                   /lib/x86_64-linux-gnu/libc-2.27.so
7f3144782000-7f3144982000 ---p 001e7000 08:07 10223880                   /lib/x86_64-linux-gnu/libc-2.27.so
7f3144982000-7f3144986000 r--p 001e7000 08:07 10223880                   /lib/x86_64-linux-gnu/libc-2.27.so
7f3144986000-7f3144988000 rw-p 001eb000 08:07 10223880                   /lib/x86_64-linux-gnu/libc-2.27.so
7f3144988000-7f314498c000 rw-p 00000000 00:00 0 
7f314498c000-7f314498f000 r-xp 00000000 08:07 10223886                   /lib/x86_64-linux-gnu/libdl-2.27.so
7f314498f000-7f3144b8e000 ---p 00003000 08:07 10223886                   /lib/x86_64-linux-gnu/libdl-2.27.so
7f3144b8e000-7f3144b8f000 r--p 00002000 08:07 10223886                   /lib/x86_64-linux-gnu/libdl-2.27.so
7f3144b8f000-7f3144b90000 rw-p 00003000 08:07 10223886                   /lib/x86_64-linux-gnu/libdl-2.27.so
7f3144b90000-7f3144ba6000 r-xp 00000000 08:07 9175973                    /usr/lib/jvm/java-8-oracle/lib/amd64/jli/libjli.so
7f3144ba6000-7f3144da5000 ---p 00016000 08:07 9175973                    /usr/lib/jvm/java-8-oracle/lib/amd64/jli/libjli.so
7f3144da5000-7f3144da6000 rw-p 00015000 08:07 9175973                    /usr/lib/jvm/java-8-oracle/lib/amd64/jli/libjli.so
7f3144da6000-7f3144dc0000 r-xp 00000000 08:07 10223910                   /lib/x86_64-linux-gnu/libpthread-2.27.so
7f3144dc0000-7f3144fbf000 ---p 0001a000 08:07 10223910                   /lib/x86_64-linux-gnu/libpthread-2.27.so
7f3144fbf000-7f3144fc0000 r--p 00019000 08:07 10223910                   /lib/x86_64-linux-gnu/libpthread-2.27.so
7f3144fc0000-7f3144fc1000 rw-p 0001a000 08:07 10223910                   /lib/x86_64-linux-gnu/libpthread-2.27.so
7f3144fc1000-7f3144fc5000 rw-p 00000000 00:00 0 
7f3144fc5000-7f3144fec000 r-xp 00000000 08:07 10223858                   /lib/x86_64-linux-gnu/ld-2.27.so
7f3144ff3000-7f31450cb000 rw-p 00000000 00:00 0 
7f31450cb000-7f31450cc000 ---p 00000000 00:00 0 
7f31450cc000-7f31450cf000 ---p 00000000 00:00 0 
7f31450cf000-7f31451ce000 rw-p 00000000 00:00 0 
7f31451e0000-7f31451e8000 rw-s 00000000 08:07 9178565                    /tmp/hsperfdata_alex/5147
7f31451e8000-7f31451e9000 rw-p 00000000 00:00 0 
7f31451e9000-7f31451ea000 r--p 00000000 00:00 0 
7f31451ea000-7f31451ec000 rw-p 00000000 00:00 0 
7f31451ec000-7f31451ed000 r--p 00027000 08:07 10223858                   /lib/x86_64-linux-gnu/ld-2.27.so
7f31451ed000-7f31451ee000 rw-p 00028000 08:07 10223858                   /lib/x86_64-linux-gnu/ld-2.27.so
7f31451ee000-7f31451ef000 rw-p 00000000 00:00 0 
7ffd24485000-7ffd244a6000 rw-p 00000000 00:00 0                          [stack]
7ffd2450a000-7ffd2450d000 r--p 00000000 00:00 0                          [vvar]
7ffd2450d000-7ffd2450f000 r-xp 00000000 00:00 0                          [vdso]
ffffffffff600000-ffffffffff601000 r-xp 00000000 00:00 0                  [vsyscall]

VM Arguments:
jvm_args: -Dfile.encoding=UTF-8 
java_command: Main
java_class_path (initial): /home/alex/NetBeansProjects/Parcial2/build/classes
Launcher Type: SUN_STANDARD

Environment Variables:
JAVA_HOME=/usr/lib/jvm/java-8-oracle
PATH=/home/alex/bin:/home/alex/.local/bin:/usr/local/sbin:/usr/local/bin:/usr/sbin:/usr/bin:/sbin:/bin:/usr/games:/usr/local/games:/snap/bin:/usr/lib/jvm/java-8-oracle/bin:/usr/lib/jvm/java-8-oracle/db/bin:/usr/lib/jvm/java-8-oracle/jre/bin
USERNAME=alex
LD_LIBRARY_PATH=/usr/lib/jvm/java-8-oracle/jre/lib/amd64:/usr/lib/jvm/java-8-oracle/jre/lib/i386:
SHELL=/bin/bash
DISPLAY=:0

Signal Handlers:
SIGSEGV: [libjvm.so+0xad0890], sa_mask[0]=11111111011111111101111111111110, sa_flags=SA_RESTART|SA_SIGINFO
SIGBUS: [libjvm.so+0xad0890], sa_mask[0]=11111111011111111101111111111110, sa_flags=SA_RESTART|SA_SIGINFO
SIGFPE: [libjvm.so+0x928640], sa_mask[0]=11111111011111111101111111111110, sa_flags=SA_RESTART|SA_SIGINFO
SIGPIPE: [libjvm.so+0x928640], sa_mask[0]=11111111011111111101111111111110, sa_flags=SA_RESTART|SA_SIGINFO
SIGXFSZ: [libjvm.so+0x928640], sa_mask[0]=11111111011111111101111111111110, sa_flags=SA_RESTART|SA_SIGINFO
SIGILL: [libjvm.so+0x928640], sa_mask[0]=11111111011111111101111111111110, sa_flags=SA_RESTART|SA_SIGINFO
SIGUSR1: SIG_DFL, sa_mask[0]=00000000000000000000000000000000, sa_flags=none
SIGUSR2: [libjvm.so+0x929ea0], sa_mask[0]=00100000000000000000000000000000, sa_flags=SA_RESTART|SA_SIGINFO
SIGHUP: [libjvm.so+0x92b2a0], sa_mask[0]=11111111011111111101111111111110, sa_flags=SA_RESTART|SA_SIGINFO
SIGINT: SIG_IGN, sa_mask[0]=00000000000000000000000000000000, sa_flags=none
SIGTERM: [libjvm.so+0x92b2a0], sa_mask[0]=11111111011111111101111111111110, sa_flags=SA_RESTART|SA_SIGINFO
SIGQUIT: [libjvm.so+0x92b2a0], sa_mask[0]=11111111011111111101111111111110, sa_flags=SA_RESTART|SA_SIGINFO


---------------  S Y S T E M  ---------------

OS:DISTRIB_ID=Ubuntu
DISTRIB_RELEASE=18.04
DISTRIB_CODENAME=bionic
DISTRIB_DESCRIPTION="Ubuntu 18.04 LTS"

uname:Linux 4.15.0-22-generic #24-Ubuntu SMP Wed May 16 12:15:17 UTC 2018 x86_64
libc:glibc 2.27 NPTL 2.27 
rlimit: STACK 8192k, CORE 0k, NPROC 15059, NOFILE 1048576, AS infinity
load average:27.11 8.50 4.32

/proc/meminfo:
MemTotal:        3969508 kB
MemFree:         2555352 kB
MemAvailable:    2692484 kB
Buffers:           23456 kB
Cached:           355236 kB
SwapCached:       124160 kB
Active:           872156 kB
Inactive:         383588 kB
Active(anon):     706892 kB
Inactive(anon):   225480 kB
Active(file):     165264 kB
Inactive(file):   158108 kB
Unevictable:          16 kB
Mlocked:              16 kB
SwapTotal:       4124668 kB
SwapFree:        3672572 kB
Dirty:               260 kB
Writeback:           436 kB
AnonPages:        832936 kB
Mapped:            73180 kB
Shmem:             55304 kB
Slab:              81216 kB
SReclaimable:      41284 kB
SUnreclaim:        39932 kB
KernelStack:        5056 kB
PageTables:        10032 kB
NFS_Unstable:          0 kB
Bounce:                0 kB
WritebackTmp:          0 kB
CommitLimit:     6109420 kB
Committed_AS:    2744700 kB
VmallocTotal:   34359738367 kB
VmallocUsed:           0 kB
VmallocChunk:          0 kB
HardwareCorrupted:     0 kB
AnonHugePages:         0 kB
ShmemHugePages:        0 kB
ShmemPmdMapped:        0 kB
CmaTotal:              0 kB
CmaFree:               0 kB
HugePages_Total:       0
HugePages_Free:        0
HugePages_Rsvd:        0
HugePages_Surp:        0
Hugepagesize:       2048 kB
DirectMap4k:      151872 kB
DirectMap2M:     3973120 kB
DirectMap1G:     1048576 kB


CPU:total 4 (initial active 4) (2 cores per cpu, 2 threads per core) family 6 model 69 stepping 1, cmov, cx8, fxsr, mmx, sse, sse2, sse3, ssse3, sse4.1, sse4.2, popcnt, avx, avx2, aes, clmul, erms, lzcnt, ht, tsc, tscinvbit, bmi1, bmi2

/proc/cpuinfo:
processor	: 0
vendor_id	: GenuineIntel
cpu family	: 6
model		: 69
model name	: Intel(R) Core(TM) i3-4005U CPU @ 1.70GHz
stepping	: 1
microcode	: 0x23
cpu MHz		: 1702.475
cache size	: 3072 KB
physical id	: 0
siblings	: 4
core id		: 0
cpu cores	: 2
apicid		: 0
initial apicid	: 0
fpu		: yes
fpu_exception	: yes
cpuid level	: 13
wp		: yes
flags		: fpu vme de pse tsc msr pae mce cx8 apic sep mtrr pge mca cmov pat pse36 clflush dts acpi mmx fxsr sse sse2 ss ht tm pbe syscall nx pdpe1gb rdtscp lm constant_tsc arch_perfmon pebs bts rep_good nopl xtopology nonstop_tsc cpuid aperfmperf pni pclmulqdq dtes64 monitor ds_cpl vmx est tm2 ssse3 sdbg fma cx16 xtpr pdcm pcid sse4_1 sse4_2 movbe popcnt tsc_deadline_timer aes xsave avx f16c rdrand lahf_lm abm cpuid_fault epb invpcid_single pti tpr_shadow vnmi flexpriority ept vpid fsgsbase tsc_adjust bmi1 avx2 smep bmi2 erms invpcid xsaveopt ibpb ibrs stibp dtherm ida arat pln pts
bugs		: cpu_meltdown spectre_v1 spectre_v2 spec_store_bypass
bogomips	: 3392.01
clflush size	: 64
cache_alignment	: 64
address sizes	: 39 bits physical, 48 bits virtual
power management:

processor	: 1
vendor_id	: GenuineIntel
cpu family	: 6
model		: 69
model name	: Intel(R) Core(TM) i3-4005U CPU @ 1.70GHz
stepping	: 1
microcode	: 0x23
cpu MHz		: 1696.008
cache size	: 3072 KB
physical id	: 0
siblings	: 4
core id		: 0
cpu cores	: 2
apicid		: 1
initial apicid	: 1
fpu		: yes
fpu_exception	: yes
cpuid level	: 13
wp		: yes
flags		: fpu vme de pse tsc msr pae mce cx8 apic sep mtrr pge mca cmov pat pse36 clflush dts acpi mmx fxsr sse sse2 ss ht tm pbe syscall nx pdpe1gb rdtscp lm constant_tsc arch_perfmon pebs bts rep_good nopl xtopology nonstop_tsc cpuid aperfmperf pni pclmulqdq dtes64 monitor ds_cpl vmx est tm2 ssse3 sdbg fma cx16 xtpr pdcm pcid sse4_1 sse4_2 movbe popcnt tsc_deadline_timer aes xsave avx f16c rdrand lahf_lm abm cpuid_fault epb invpcid_single pti tpr_shadow vnmi flexpriority ept vpid fsgsbase tsc_adjust bmi1 avx2 smep bmi2 erms invpcid xsaveopt ibpb ibrs stibp dtherm ida arat pln pts
bugs		: cpu_meltdown spectre_v1 spectre_v2 spec_store_bypass
bogomips	: 3392.01
clflush size	: 64
cache_alignment	: 64
address sizes	: 39 bits physical, 48 bits virtual
power management:

processor	: 2
vendor_id	: GenuineIntel
cpu family	: 6
model		: 69
model name	: Intel(R) Core(TM) i3-4005U CPU @ 1.70GHz
stepping	: 1
microcode	: 0x23
cpu MHz		: 1695.989
cache size	: 3072 KB
physical id	: 0
siblings	: 4
core id		: 1
cpu cores	: 2
apicid		: 2
initial apicid	: 2
fpu		: yes
fpu_exception	: yes
cpuid level	: 13
wp		: yes
flags		: fpu vme de pse tsc msr pae mce cx8 apic sep mtrr pge mca cmov pat pse36 clflush dts acpi mmx fxsr sse sse2 ss ht tm pbe syscall nx pdpe1gb rdtscp lm constant_tsc arch_perfmon pebs bts rep_good nopl xtopology nonstop_tsc cpuid aperfmperf pni pclmulqdq dtes64 monitor ds_cpl vmx est tm2 ssse3 sdbg fma cx16 xtpr pdcm pcid sse4_1 sse4_2 movbe popcnt tsc_deadline_timer aes xsave avx f16c rdrand lahf_lm abm cpuid_fault epb invpcid_single pti tpr_shadow vnmi flexpriority ept vpid fsgsbase tsc_adjust bmi1 avx2 smep bmi2 erms invpcid xsaveopt ibpb ibrs stibp dtherm ida arat pln pts
bugs		: cpu_meltdown spectre_v1 spectre_v2 spec_store_bypass
bogomips	: 3392.01
clflush size	: 64
cache_alignment	: 64
address sizes	: 39 bits physical, 48 bits virtual
power management:

processor	: 3
vendor_id	: GenuineIntel
cpu family	: 6
model		: 69
model name	: Intel(R) Core(TM) i3-4005U CPU @ 1.70GHz
stepping	: 1
microcode	: 0x23
cpu MHz		: 1695.982
cache size	: 3072 KB
physical id	: 0
siblings	: 4
core id		: 1
cpu cores	: 2
apicid		: 3
initial apicid	: 3
fpu		: yes
fpu_exception	: yes
cpuid level	: 13
wp		: yes
flags		: fpu vme de pse tsc msr pae mce cx8 apic sep mtrr pge mca cmov pat pse36 clflush dts acpi mmx fxsr sse sse2 ss ht tm pbe syscall nx pdpe1gb rdtscp lm constant_tsc arch_perfmon pebs bts rep_good nopl xtopology nonstop_tsc cpuid aperfmperf pni pclmulqdq dtes64 monitor ds_cpl vmx est tm2 ssse3 sdbg fma cx16 xtpr pdcm pcid sse4_1 sse4_2 movbe popcnt tsc_deadline_timer aes xsave avx f16c rdrand lahf_lm abm cpuid_fault epb invpcid_single pti tpr_shadow vnmi flexpriority ept vpid fsgsbase tsc_adjust bmi1 avx2 smep bmi2 erms invpcid xsaveopt ibpb ibrs stibp dtherm ida arat pln pts
bugs		: cpu_meltdown spectre_v1 spectre_v2 spec_store_bypass
bogomips	: 3392.01
clflush size	: 64
cache_alignment	: 64
address sizes	: 39 bits physical, 48 bits virtual
power management:



Memory: 4k page, physical 3969508k(2555352k free), swap 4124668k(3672572k free)

vm_info: Java HotSpot(TM) 64-Bit Server VM (25.171-b11) for linux-amd64 JRE (1.8.0_171-b11), built on Mar 28 2018 17:07:08 by "java_re" with gcc 4.3.0 20080428 (Red Hat 4.3.0-8)

time: Thu Jun 14 17:50:13 2018
elapsed time: 14536 seconds (0d 4h 2m 16s)

