#
# A fatal error has been detected by the Java Runtime Environment:
#
#  SIGSEGV (0xb) at pc=0x00007f42a9069cba, pid=5278, tid=0x00007f429b13f700
#
# JRE version: Java(TM) SE Runtime Environment (8.0_171-b11) (build 1.8.0_171-b11)
# Java VM: Java HotSpot(TM) 64-Bit Server VM (25.171-b11 mixed mode linux-amd64 compressed oops)
# Problematic frame:
# v  ~BufferBlob::jni_fast_GetLongField
#
# Failed to write core dump. Core dumps have been disabled. To enable core dumping, try "ulimit -c unlimited" before starting Java again
#
# If you would like to submit a bug report, please visit:
#   http://bugreport.java.com/bugreport/crash.jsp
# The crash happened outside the Java Virtual Machine in native code.
# See problematic frame for where to report the bug.
#

---------------  T H R E A D  ---------------

Current thread (0x00007f42b8252000):  JavaThread "AWT-XAWT" daemon [_thread_in_native, id=5299, stack(0x00007f429b03f000,0x00007f429b140000)]

siginfo: si_signo: 11 (SIGSEGV), si_code: 1 (SEGV_MAPERR), si_addr: 0x0000000000000000

Registers:
RAX=0x00007f42bfaff4c0, RBX=0x00007f42b82521f8, RCX=0x00007f42c0590320, RDX=0x0000000000000042
RSP=0x00007f429b13e7d8, RBP=0x00007f429b13e800, RSI=0x0000000000000000, RDI=0x00007f42b82521f8
R8 =0x00000000ebe03de0, R9 =0x0000000000000000, R10=0x0000000000000170, R11=0x00007f42a9265a58
R12=0x00007f425000c060, R13=0x0000000000000000, R14=0x00007f42a11c5820, R15=0x00007f42b8252000
RIP=0x00007f42a9069cba, EFLAGS=0x0000000000010246, CSGSFS=0x002b000000000033, ERR=0x0000000000000004
  TRAPNO=0x000000000000000e

Top of Stack: (sp=0x00007f429b13e7d8)
0x00007f429b13e7d8:   00007f42a0fa4001 00007f42bc746580
0x00007f429b13e7e8:   00007f425000c060 00007f429b13e8b0
0x00007f429b13e7f8:   00007f429b13e880 0000000000000000
0x00007f429b13e808:   00007f42a0a86300 00007f42bc746580
0x00007f429b13e818:   00007f429b13e840 0000000000000000
0x00007f429b13e828:   00007f42a0a7de23 00007f429b13e8b0
0x00007f429b13e838:   00007f42a0f9d23f 00007f429b13e890
0x00007f429b13e848:   00007f42a9265af6 0000000000000000
0x00007f429b13e858:   00007f42a9213236 00007f429b13e8b0
0x00007f429b13e868:   00007f42a916bbac 00007f429b13e910
0x00007f429b13e878:   00000000ebf82be8 00000000ebf83948
0x00007f429b13e888:   0000000000000001 00007f429b13e910
0x00007f429b13e898:   00007f42a9007a90 00007f429b13e910
0x00007f429b13e8a8:   00007f42a9007a90 0000000000000000
0x00007f429b13e8b8:   00007f42a9007dd0 00007f4268001090
0x00007f429b13e8c8:   00000000ec019ca0 00007f429b13e8d0
0x00007f429b13e8d8:   00007f42bc726714 00007f429b13e958
0x00007f429b13e8e8:   00007f42bc72f690 0000000000000000
0x00007f429b13e8f8:   00007f42bc726850 00007f429b13e8b0
0x00007f429b13e908:   00007f429b13e950 00007f429b13e9a0
0x00007f429b13e918:   00007f42a90082bd 0000000000000000
0x00007f429b13e928:   00000000ec2cd8d8 0000000000000000
0x00007f429b13e938:   0000000000000000 0000000000000000
0x00007f429b13e948:   00000000ec019ca0 0000000000000000
0x00007f429b13e958:   00000000ebfb67b8 00007f429b13e960
0x00007f429b13e968:   00007f42bc726555 00007f429b13e9b0
0x00007f429b13e978:   00007f42bc72f690 0000000000000000
0x00007f429b13e988:   00007f42bc726560 00007f429b13e950
0x00007f429b13e998:   00007f429b13e9b0 00007f429b13e9f8
0x00007f429b13e9a8:   00007f42a9008302 00000000ebfb67b8
0x00007f429b13e9b8:   00007f429b13e9b8 00007f42bc28a53b
0x00007f429b13e9c8:   00007f429b13ea08 00007f42bc311f88 

Instructions: (pc=0x00007f42a9069cba)
0x00007f42a9069c9a:   00 00 00 00 00 00 44 8b 15 41 53 ad 16 4c 8b ce
0x00007f42a9069caa:   41 f6 c2 01 0f 85 2e 00 00 00 4d 33 ca 4d 33 ca
0x00007f42a9069cba:   4d 8b 09 4c 8b da 49 c1 eb 02 4b 8b 04 19 49 bb
0x00007f42a9069cca:   e8 ef b3 bf 42 7f 00 00 4c 33 d8 4c 33 d8 45 3b 

Register to memory mapping:

RAX=0x00007f42bfaff4c0: <offset 0xf914c0> in /usr/lib/jvm/java-8-oracle/jre/lib/amd64/server/libjvm.so at 0x00007f42beb6e000
RBX=0x00007f42b82521f8 is an unknown value
RCX=0x00007f42c0590320: <offset 0x21a320> in /lib/x86_64-linux-gnu/libpthread.so.0 at 0x00007f42c0376000
RDX=0x0000000000000042 is an unknown value
RSP=0x00007f429b13e7d8 is pointing into the stack for thread: 0x00007f42b8252000
RBP=0x00007f429b13e800 is pointing into the stack for thread: 0x00007f42b8252000
RSI=0x0000000000000000 is an unknown value
RDI=0x00007f42b82521f8 is an unknown value
R8 =0x00000000ebe03de0 is an oop
sun.util.logging.PlatformLogger$Level 
 - klass: 'sun/util/logging/PlatformLogger$Level'
R9 =0x0000000000000000 is an unknown value
R10=0x0000000000000170 is an unknown value
R11=0x00007f42a9265a58 is at entry_point+24 in (nmethod*)0x00007f42a92658d0
R12=0x00007f425000c060 is an unknown value
R13=0x0000000000000000 is an unknown value
R14=0x00007f42a11c5820: <offset 0x258820> in /usr/lib/jvm/java-8-oracle/jre/lib/amd64/libawt_xawt.so at 0x00007f42a0f6d000
R15=0x00007f42b8252000 is a thread


Stack: [0x00007f429b03f000,0x00007f429b140000],  sp=0x00007f429b13e7d8,  free space=1021k
Native frames: (J=compiled Java code, j=interpreted, Vv=VM code, C=native code)
v  ~BufferBlob::jni_fast_GetLongField
C  [libX11.so.6+0x64300]  _XimServerDestroy+0x70

Java frames: (J=compiled Java code, j=interpreted, Vv=VM code)
J 631  sun.awt.X11.XlibWrapper.XFilterEvent(JJ)Z (0 bytes) @ 0x00007f42a9265a84 [0x00007f42a9265a40+0x44]
j  sun.awt.X11.XToolkit.run(Z)V+300
j  sun.awt.X11.XToolkit.run()V+5
j  java.lang.Thread.run()V+11
v  ~StubRoutines::call_stub

---------------  P R O C E S S  ---------------

Java Threads: ( => current thread )
  0x00007f4258001000 JavaThread "XToolkt-Shutdown-Thread" [_thread_blocked, id=7649, stack(0x00007f429a092000,0x00007f429a193000)]
  0x00007f427c003000 JavaThread "SIGTERM handler" daemon [_thread_blocked, id=7645, stack(0x00007f429a694000,0x00007f429a795000)]
  0x00007f427c002000 JavaThread "SIGHUP handler" daemon [_thread_blocked, id=7643, stack(0x00007f429a795000,0x00007f429a896000)]
  0x00007f427c001000 JavaThread "SIGHUP handler" daemon [_thread_blocked, id=7640, stack(0x00007f429af3e000,0x00007f429b03f000)]
  0x00007f4250017000 JavaThread "TimerQueue" daemon [_thread_blocked, id=5303, stack(0x00007f429a193000,0x00007f429a294000)]
=>0x00007f42b8252000 JavaThread "AWT-XAWT" daemon [_thread_in_native, id=5299, stack(0x00007f429b03f000,0x00007f429b140000)]
  0x00007f42b822e000 JavaThread "Java2D Disposer" daemon [_thread_blocked, id=5298, stack(0x00007f42a00d9000,0x00007f42a01da000)]
  0x00007f42b80ca800 JavaThread "Service Thread" daemon [_thread_blocked, id=5296, stack(0x00007f42a1599000,0x00007f42a169a000)]
  0x00007f42b80bf000 JavaThread "C1 CompilerThread2" daemon [_thread_blocked, id=5295, stack(0x00007f42a169b000,0x00007f42a179b000)]
  0x00007f42b80bd800 JavaThread "C2 CompilerThread1" daemon [_thread_blocked, id=5294, stack(0x00007f42a179c000,0x00007f42a189c000)]
  0x00007f42b80ba800 JavaThread "C2 CompilerThread0" daemon [_thread_blocked, id=5293, stack(0x00007f42a189d000,0x00007f42a199d000)]
  0x00007f42b80b9000 JavaThread "Signal Dispatcher" daemon [_thread_blocked, id=5292, stack(0x00007f42a199d000,0x00007f42a1a9e000)]
  0x00007f42b8085800 JavaThread "Finalizer" daemon [_thread_blocked, id=5291, stack(0x00007f42a1ead000,0x00007f42a1fae000)]
  0x00007f42b8081000 JavaThread "Reference Handler" daemon [_thread_blocked, id=5290, stack(0x00007f42a1fae000,0x00007f42a20af000)]
  0x00007f42b800b000 JavaThread "main" [_thread_in_native, id=5283, stack(0x00007f42c069c000,0x00007f42c079c000)]

Other Threads:
  0x00007f42b8079000 VMThread [stack: 0x00007f42a20b0000,0x00007f42a21b0000] [id=5289]
  0x00007f42b80cf000 WatcherThread [stack: 0x00007f42a1499000,0x00007f42a1599000] [id=5297]

VM state:not at safepoint (normal execution)

VM Mutex/Monitor currently owned by a thread: None

Heap:
 PSYoungGen      total 18432K, used 7945K [0x00000000ebd00000, 0x00000000ed180000, 0x0000000100000000)
  eden space 15872K, 50% used [0x00000000ebd00000,0x00000000ec4c24d0,0x00000000ecc80000)
  from space 2560K, 0% used [0x00000000ecf00000,0x00000000ecf00000,0x00000000ed180000)
  to   space 2560K, 0% used [0x00000000ecc80000,0x00000000ecc80000,0x00000000ecf00000)
 ParOldGen       total 42496K, used 0K [0x00000000c3600000, 0x00000000c5f80000, 0x00000000ebd00000)
  object space 42496K, 0% used [0x00000000c3600000,0x00000000c3600000,0x00000000c5f80000)
 Metaspace       used 12530K, capacity 12696K, committed 12928K, reserved 1060864K
  class space    used 1531K, capacity 1582K, committed 1664K, reserved 1048576K

Card table byte_map: [0x00007f42bd189000,0x00007f42bd36f000] byte_map_base: 0x00007f42bcb6e000

Marking Bits: (ParMarkBitMap*) 0x00007f42bfb3e280
 Begin Bits: [0x00007f42a21b0000, 0x00007f42a30d8000)
 End Bits:   [0x00007f42a30d8000, 0x00007f42a4000000)

Polling page: 0x00007f42c07b9000

CodeCache: size=245760Kb used=2577Kb max_used=2577Kb free=243182Kb
 bounds [0x00007f42a9000000, 0x00007f42a9290000, 0x00007f42b8000000]
 total_blobs=1189 nmethods=632 adapters=471
 compilation: enabled

Compilation events (10 events):
Event: 7449.031 Thread 0x00007f42b80bf000  650       3       java.util.Vector$Itr::<init> (6 bytes)
Event: 7449.388 Thread 0x00007f42b80bf000 nmethod 650 0x00007f42a9284990 code [0x00007f42a9284b00, 0x00007f42a9284d30]
Event: 7449.400 Thread 0x00007f42b80bf000  649  s    3       java.util.Vector::iterator (10 bytes)
Event: 7449.400 Thread 0x00007f42b80bf000 nmethod 649 0x00007f42a9284210 code [0x00007f42a92843a0, 0x00007f42a9284810]
Event: 7872.438 Thread 0x00007f42b80bf000  652   !   3       sun.awt.X11.XToolkit$1::dispatchEvent (34 bytes)
Event: 7873.684 Thread 0x00007f42b80bf000 nmethod 652 0x00007f42a9282ad0 code [0x00007f42a9282d20, 0x00007f42a9283b38]
Event: 7873.684 Thread 0x00007f42b80bf000  651  s    3       java.util.Vector::toArray (12 bytes)
Event: 7873.684 Thread 0x00007f42b80bf000 nmethod 651 0x00007f42a9282410 code [0x00007f42a9282580, 0x00007f42a9282988]
Event: 8439.031 Thread 0x00007f42b80bf000  653       3       java.util.Vector::<init> (53 bytes)
Event: 8439.050 Thread 0x00007f42b80bf000 nmethod 653 0x00007f42a9285690 code [0x00007f42a9285840, 0x00007f42a9285cf8]

GC Heap History (0 events):
No events

Deoptimization events (6 events):
Event: 4.556 Thread 0x00007f42b800b000 Uncommon trap: reason=null_check action=make_not_entrant pc=0x00007f42a916366c method=java.lang.String.equals(Ljava/lang/Object;)Z @ 8
Event: 4.845 Thread 0x00007f42b800b000 Uncommon trap: reason=unstable_if action=reinterpret pc=0x00007f42a91d5b9c method=java.lang.AbstractStringBuilder.append(Ljava/lang/String;)Ljava/lang/AbstractStringBuilder; @ 1
Event: 6.077 Thread 0x00007f42b82bd800 Uncommon trap: reason=class_check action=maybe_recompile pc=0x00007f42a917eea8 method=java.lang.String.equals(Ljava/lang/Object;)Z @ 8
Event: 6.077 Thread 0x00007f42b82bd800 Uncommon trap: reason=class_check action=maybe_recompile pc=0x00007f42a917eea8 method=java.lang.String.equals(Ljava/lang/Object;)Z @ 8
Event: 6.320 Thread 0x00007f42b82bd800 Uncommon trap: reason=class_check action=maybe_recompile pc=0x00007f42a917eea8 method=java.lang.String.equals(Ljava/lang/Object;)Z @ 8
Event: 6.320 Thread 0x00007f42b82bd800 Uncommon trap: reason=class_check action=maybe_recompile pc=0x00007f42a917eea8 method=java.lang.String.equals(Ljava/lang/Object;)Z @ 8

Classes redefined (0 events):
No events

Internal exceptions (10 events):
Event: 0.156 Thread 0x00007f42b800b000 Exception <a 'java/security/PrivilegedActionException'> (0x00000000ebd8fcf8) thrown at [/HUDSON/workspace/8-2-build-linux-amd64/jdk8u171/10807/hotspot/src/share/vm/prims/jvm.cpp, line 1435]
Event: 0.157 Thread 0x00007f42b800b000 Exception <a 'java/security/PrivilegedActionException'> (0x00000000ebd900f0) thrown at [/HUDSON/workspace/8-2-build-linux-amd64/jdk8u171/10807/hotspot/src/share/vm/prims/jvm.cpp, line 1435]
Event: 4.504 Thread 0x00007f42b800b000 Exception <a 'java/lang/NoSuchFieldError': method resolution failed> (0x00000000ebed51e8) thrown at [/HUDSON/workspace/8-2-build-linux-amd64/jdk8u171/10807/hotspot/src/share/vm/prims/methodHandles.cpp, line 1167]
Event: 4.506 Thread 0x00007f42b800b000 Exception <a 'java/lang/NoSuchFieldError': method resolution failed> (0x00000000ebee2998) thrown at [/HUDSON/workspace/8-2-build-linux-amd64/jdk8u171/10807/hotspot/src/share/vm/prims/methodHandles.cpp, line 1167]
Event: 4.540 Thread 0x00007f42b800b000 Exception <a 'java/io/FileNotFoundException'> (0x00000000ebf618b8) thrown at [/HUDSON/workspace/8-2-build-linux-amd64/jdk8u171/10807/hotspot/src/share/vm/prims/jni.cpp, line 709]
Event: 4.540 Thread 0x00007f42b800b000 Exception <a 'java/io/FileNotFoundException'> (0x00000000ebf62258) thrown at [/HUDSON/workspace/8-2-build-linux-amd64/jdk8u171/10807/hotspot/src/share/vm/prims/jni.cpp, line 709]
Event: 4.556 Thread 0x00007f42b800b000 Implicit null exception at 0x00007f42a91634a2 to 0x00007f42a916365d
Event: 4.845 Thread 0x00007f42b800b000 Implicit null exception at 0x00007f42a91d57b3 to 0x00007f42a91d5b89
Event: 5.065 Thread 0x00007f42b82bd800 Exception <a 'java/lang/UnsupportedOperationException': > (0x00000000ec211620) thrown at [/HUDSON/workspace/8-2-build-linux-amd64/jdk8u171/10807/hotspot/src/share/vm/prims/jni.cpp, line 735]
Event: 6.546 Thread 0x00007f42b82bd800 Exception <a 'java/lang/UnsupportedOperationException': > (0x00000000ec233388) thrown at [/HUDSON/workspace/8-2-build-linux-amd64/jdk8u171/10807/hotspot/src/share/vm/prims/jni.cpp, line 735]

Events (10 events):
Event: 4325.414 loading class sun/awt/X11/XkbAnyEvent done
Event: 13427.765 Executing VM operation: RevokeBias
Event: 13428.048 Executing VM operation: RevokeBias done
Event: 13428.048 loading class sun/awt/X11/XDestroyWindowEvent
Event: 13428.303 loading class sun/awt/X11/XDestroyWindowEvent done
Event: 13428.303 Executing VM operation: RevokeBias
Event: 13428.303 Executing VM operation: RevokeBias done
Event: 13428.303 Executing VM operation: RevokeBias
Event: 13428.303 Executing VM operation: RevokeBias done
Event: 13428.589 loading class sun/misc/Signal$1


Dynamic libraries:
00400000-00401000 r-xp 00000000 08:07 8915736                            /usr/lib/jvm/java-8-oracle/bin/java
00600000-00601000 rw-p 00000000 08:07 8915736                            /usr/lib/jvm/java-8-oracle/bin/java
01c7d000-01c9e000 rw-p 00000000 00:00 0                                  [heap]
c3600000-c5f80000 rw-p 00000000 00:00 0 
c5f80000-ebd00000 ---p 00000000 00:00 0 
ebd00000-ed180000 rw-p 00000000 00:00 0 
ed180000-100000000 ---p 00000000 00:00 0 
100000000-1001a0000 rw-p 00000000 00:00 0 
1001a0000-140000000 ---p 00000000 00:00 0 
7f4248000000-7f4248021000 rw-p 00000000 00:00 0 
7f4248021000-7f424c000000 ---p 00000000 00:00 0 
7f4250000000-7f42502b2000 rw-p 00000000 00:00 0 
7f42502b2000-7f4254000000 ---p 00000000 00:00 0 
7f4254000000-7f4254021000 rw-p 00000000 00:00 0 
7f4254021000-7f4258000000 ---p 00000000 00:00 0 
7f4258000000-7f4258021000 rw-p 00000000 00:00 0 
7f4258021000-7f425c000000 ---p 00000000 00:00 0 
7f425c000000-7f425c021000 rw-p 00000000 00:00 0 
7f425c021000-7f4260000000 ---p 00000000 00:00 0 
7f4260fff000-7f4264000000 rw-p 00000000 00:00 0 
7f4264000000-7f4264021000 rw-p 00000000 00:00 0 
7f4264021000-7f4268000000 ---p 00000000 00:00 0 
7f4268000000-7f426802d000 rw-p 00000000 00:00 0 
7f426802d000-7f426c000000 ---p 00000000 00:00 0 
7f426c000000-7f426c021000 rw-p 00000000 00:00 0 
7f426c021000-7f4270000000 ---p 00000000 00:00 0 
7f4270000000-7f4270021000 rw-p 00000000 00:00 0 
7f4270021000-7f4274000000 ---p 00000000 00:00 0 
7f4274000000-7f4274064000 rw-p 00000000 00:00 0 
7f4274064000-7f4278000000 ---p 00000000 00:00 0 
7f4278000000-7f427830b000 rw-p 00000000 00:00 0 
7f427830b000-7f427c000000 ---p 00000000 00:00 0 
7f427c000000-7f427c021000 rw-p 00000000 00:00 0 
7f427c021000-7f4280000000 ---p 00000000 00:00 0 
7f4280000000-7f428011b000 rw-p 00000000 00:00 0 
7f428011b000-7f4284000000 ---p 00000000 00:00 0 
7f4284000000-7f4284021000 rw-p 00000000 00:00 0 
7f4284021000-7f4288000000 ---p 00000000 00:00 0 
7f4288000000-7f4288021000 rw-p 00000000 00:00 0 
7f4288021000-7f428c000000 ---p 00000000 00:00 0 
7f428c000000-7f428c021000 rw-p 00000000 00:00 0 
7f428c021000-7f4290000000 ---p 00000000 00:00 0 
7f4290000000-7f4290021000 rw-p 00000000 00:00 0 
7f4290021000-7f4294000000 ---p 00000000 00:00 0 
7f4294000000-7f4294021000 rw-p 00000000 00:00 0 
7f4294021000-7f4298000000 ---p 00000000 00:00 0 
7f429a092000-7f429a095000 ---p 00000000 00:00 0 
7f429a095000-7f429a193000 rw-p 00000000 00:00 0 
7f429a193000-7f429a196000 ---p 00000000 00:00 0 
7f429a196000-7f429a394000 rw-p 00000000 00:00 0 
7f429a394000-7f429a494000 ---p 00000000 00:00 0 
7f429a494000-7f429a694000 rw-p 00000000 00:00 0 
7f429a694000-7f429a697000 ---p 00000000 00:00 0 
7f429a697000-7f429a795000 rw-p 00000000 00:00 0 
7f429a795000-7f429a798000 ---p 00000000 00:00 0 
7f429a798000-7f429a896000 rw-p 00000000 00:00 0 
7f429a896000-7f429a900000 r-xp 00000000 08:07 9177673                    /usr/lib/jvm/java-8-oracle/jre/lib/amd64/libt2k.so
7f429a900000-7f429aaff000 ---p 0006a000 08:07 9177673                    /usr/lib/jvm/java-8-oracle/jre/lib/amd64/libt2k.so
7f429aaff000-7f429ab06000 rw-p 00069000 08:07 9177673                    /usr/lib/jvm/java-8-oracle/jre/lib/amd64/libt2k.so
7f429ab06000-7f429ab16000 rw-p 00000000 00:00 0 
7f429ab16000-7f429ab27000 r-xp 00000000 08:07 9177719                    /usr/lib/jvm/java-8-oracle/jre/lib/amd64/libnio.so
7f429ab27000-7f429ad26000 ---p 00011000 08:07 9177719                    /usr/lib/jvm/java-8-oracle/jre/lib/amd64/libnio.so
7f429ad26000-7f429ad27000 rw-p 00010000 08:07 9177719                    /usr/lib/jvm/java-8-oracle/jre/lib/amd64/libnio.so
7f429ad27000-7f429ad3d000 r-xp 00000000 08:07 9177716                    /usr/lib/jvm/java-8-oracle/jre/lib/amd64/libnet.so
7f429ad3d000-7f429af3d000 ---p 00016000 08:07 9177716                    /usr/lib/jvm/java-8-oracle/jre/lib/amd64/libnet.so
7f429af3d000-7f429af3e000 rw-p 00016000 08:07 9177716                    /usr/lib/jvm/java-8-oracle/jre/lib/amd64/libnet.so
7f429af3e000-7f429af41000 ---p 00000000 00:00 0 
7f429af41000-7f429b03f000 rw-p 00000000 00:00 0 
7f429b03f000-7f429b042000 ---p 00000000 00:00 0 
7f429b042000-7f429b140000 rw-p 00000000 00:00 0 
7f429b140000-7f429b145000 r-xp 00000000 08:07 8918275                    /usr/lib/x86_64-linux-gnu/libXfixes.so.3.1.0
7f429b145000-7f429b344000 ---p 00005000 08:07 8918275                    /usr/lib/x86_64-linux-gnu/libXfixes.so.3.1.0
7f429b344000-7f429b345000 r--p 00004000 08:07 8918275                    /usr/lib/x86_64-linux-gnu/libXfixes.so.3.1.0
7f429b345000-7f429b346000 rw-p 00005000 08:07 8918275                    /usr/lib/x86_64-linux-gnu/libXfixes.so.3.1.0
7f429b346000-7f429b34f000 r-xp 00000000 08:07 8921082                    /usr/lib/x86_64-linux-gnu/libXcursor.so.1.0.2
7f429b34f000-7f429b54e000 ---p 00009000 08:07 8921082                    /usr/lib/x86_64-linux-gnu/libXcursor.so.1.0.2
7f429b54e000-7f429b54f000 r--p 00008000 08:07 8921082                    /usr/lib/x86_64-linux-gnu/libXcursor.so.1.0.2
7f429b54f000-7f429b550000 rw-p 00009000 08:07 8921082                    /usr/lib/x86_64-linux-gnu/libXcursor.so.1.0.2
7f429b550000-7f429b567000 r-xp 00000000 08:07 10223690                   /lib/x86_64-linux-gnu/libgcc_s.so.1
7f429b567000-7f429b766000 ---p 00017000 08:07 10223690                   /lib/x86_64-linux-gnu/libgcc_s.so.1
7f429b766000-7f429b767000 r--p 00016000 08:07 10223690                   /lib/x86_64-linux-gnu/libgcc_s.so.1
7f429b767000-7f429b768000 rw-p 00017000 08:07 10223690                   /lib/x86_64-linux-gnu/libgcc_s.so.1
7f429b768000-7f429b7cd000 r-xp 00000000 08:07 9177691                    /usr/lib/jvm/java-8-oracle/jre/lib/amd64/libfontmanager.so
7f429b7cd000-7f429b9cc000 ---p 00065000 08:07 9177691                    /usr/lib/jvm/java-8-oracle/jre/lib/amd64/libfontmanager.so
7f429b9cc000-7f429b9d1000 rw-p 00064000 08:07 9177691                    /usr/lib/jvm/java-8-oracle/jre/lib/amd64/libfontmanager.so
7f429b9d1000-7f429b9e1000 rw-p 00000000 00:00 0 
7f429b9e1000-7f429b9f4000 r-xp 00000000 08:07 10223802                   /lib/x86_64-linux-gnu/libbsd.so.0.8.7
7f429b9f4000-7f429bbf3000 ---p 00013000 08:07 10223802                   /lib/x86_64-linux-gnu/libbsd.so.0.8.7
7f429bbf3000-7f429bbf4000 r--p 00012000 08:07 10223802                   /lib/x86_64-linux-gnu/libbsd.so.0.8.7
7f429bbf4000-7f429bbf5000 rw-p 00013000 08:07 10223802                   /lib/x86_64-linux-gnu/libbsd.so.0.8.7
7f429bbf5000-7f429bbf6000 rw-p 00000000 00:00 0 
7f429bbf6000-7f429bbfb000 r-xp 00000000 08:07 8918253                    /usr/lib/x86_64-linux-gnu/libXdmcp.so.6.0.0
7f429bbfb000-7f429bdfa000 ---p 00005000 08:07 8918253                    /usr/lib/x86_64-linux-gnu/libXdmcp.so.6.0.0
7f429bdfa000-7f429bdfb000 r--p 00004000 08:07 8918253                    /usr/lib/x86_64-linux-gnu/libXdmcp.so.6.0.0
7f429bdfb000-7f429bdfc000 rw-p 00005000 08:07 8918253                    /usr/lib/x86_64-linux-gnu/libXdmcp.so.6.0.0
7f429bdfc000-7f429bdfe000 r-xp 00000000 08:07 8921068                    /usr/lib/x86_64-linux-gnu/libXau.so.6.0.0
7f429bdfe000-7f429bffe000 ---p 00002000 08:07 8921068                    /usr/lib/x86_64-linux-gnu/libXau.so.6.0.0
7f429bffe000-7f429bfff000 r--p 00002000 08:07 8921068                    /usr/lib/x86_64-linux-gnu/libXau.so.6.0.0
7f429bfff000-7f429c000000 rw-p 00003000 08:07 8921068                    /usr/lib/x86_64-linux-gnu/libXau.so.6.0.0
7f429c000000-7f429c021000 rw-p 00000000 00:00 0 
7f429c021000-7f42a0000000 ---p 00000000 00:00 0 
7f42a00d9000-7f42a00dc000 ---p 00000000 00:00 0 
7f42a00dc000-7f42a01da000 rw-p 00000000 00:00 0 
7f42a01da000-7f42a0200000 r-xp 00000000 08:07 8914361                    /usr/lib/x86_64-linux-gnu/libxcb.so.1.1.0
7f42a0200000-7f42a0400000 ---p 00026000 08:07 8914361                    /usr/lib/x86_64-linux-gnu/libxcb.so.1.1.0
7f42a0400000-7f42a0401000 r--p 00026000 08:07 8914361                    /usr/lib/x86_64-linux-gnu/libxcb.so.1.1.0
7f42a0401000-7f42a0402000 rw-p 00027000 08:07 8914361                    /usr/lib/x86_64-linux-gnu/libxcb.so.1.1.0
7f42a0402000-7f42a0411000 r-xp 00000000 08:07 8921620                    /usr/lib/x86_64-linux-gnu/libXi.so.6.1.0
7f42a0411000-7f42a0610000 ---p 0000f000 08:07 8921620                    /usr/lib/x86_64-linux-gnu/libXi.so.6.1.0
7f42a0610000-7f42a0611000 r--p 0000e000 08:07 8921620                    /usr/lib/x86_64-linux-gnu/libXi.so.6.1.0
7f42a0611000-7f42a0612000 rw-p 0000f000 08:07 8921620                    /usr/lib/x86_64-linux-gnu/libXi.so.6.1.0
7f42a0612000-7f42a0617000 r-xp 00000000 08:07 8918302                    /usr/lib/x86_64-linux-gnu/libXtst.so.6.1.0
7f42a0617000-7f42a0816000 ---p 00005000 08:07 8918302                    /usr/lib/x86_64-linux-gnu/libXtst.so.6.1.0
7f42a0816000-7f42a0817000 r--p 00004000 08:07 8918302                    /usr/lib/x86_64-linux-gnu/libXtst.so.6.1.0
7f42a0817000-7f42a0818000 rw-p 00005000 08:07 8918302                    /usr/lib/x86_64-linux-gnu/libXtst.so.6.1.0
7f42a0818000-7f42a0821000 r-xp 00000000 08:07 8922088                    /usr/lib/x86_64-linux-gnu/libXrender.so.1.3.0
7f42a0821000-7f42a0a20000 ---p 00009000 08:07 8922088                    /usr/lib/x86_64-linux-gnu/libXrender.so.1.3.0
7f42a0a20000-7f42a0a21000 r--p 00008000 08:07 8922088                    /usr/lib/x86_64-linux-gnu/libXrender.so.1.3.0
7f42a0a21000-7f42a0a22000 rw-p 00009000 08:07 8922088                    /usr/lib/x86_64-linux-gnu/libXrender.so.1.3.0
7f42a0a22000-7f42a0b56000 r-xp 00000000 08:07 8918241                    /usr/lib/x86_64-linux-gnu/libX11.so.6.3.0
7f42a0b56000-7f42a0d56000 ---p 00134000 08:07 8918241                    /usr/lib/x86_64-linux-gnu/libX11.so.6.3.0
7f42a0d56000-7f42a0d57000 r--p 00134000 08:07 8918241                    /usr/lib/x86_64-linux-gnu/libX11.so.6.3.0
7f42a0d57000-7f42a0d5b000 rw-p 00135000 08:07 8918241                    /usr/lib/x86_64-linux-gnu/libX11.so.6.3.0
7f42a0d5b000-7f42a0d6c000 r-xp 00000000 08:07 8921081                    /usr/lib/x86_64-linux-gnu/libXext.so.6.4.0
7f42a0d6c000-7f42a0f6b000 ---p 00011000 08:07 8921081                    /usr/lib/x86_64-linux-gnu/libXext.so.6.4.0
7f42a0f6b000-7f42a0f6c000 r--p 00010000 08:07 8921081                    /usr/lib/x86_64-linux-gnu/libXext.so.6.4.0
7f42a0f6c000-7f42a0f6d000 rw-p 00011000 08:07 8921081                    /usr/lib/x86_64-linux-gnu/libXext.so.6.4.0
7f42a0f6d000-7f42a0fc1000 r-xp 00000000 08:07 9177723                    /usr/lib/jvm/java-8-oracle/jre/lib/amd64/libawt_xawt.so
7f42a0fc1000-7f42a11c1000 ---p 00054000 08:07 9177723                    /usr/lib/jvm/java-8-oracle/jre/lib/amd64/libawt_xawt.so
7f42a11c1000-7f42a11c5000 rw-p 00054000 08:07 9177723                    /usr/lib/jvm/java-8-oracle/jre/lib/amd64/libawt_xawt.so
7f42a11c5000-7f42a11c6000 rw-p 00000000 00:00 0 
7f42a11c6000-7f42a1268000 r-xp 00000000 08:07 9177709                    /usr/lib/jvm/java-8-oracle/jre/lib/amd64/libawt.so
7f42a1268000-7f42a1468000 ---p 000a2000 08:07 9177709                    /usr/lib/jvm/java-8-oracle/jre/lib/amd64/libawt.so
7f42a1468000-7f42a1474000 rw-p 000a2000 08:07 9177709                    /usr/lib/jvm/java-8-oracle/jre/lib/amd64/libawt.so
7f42a1474000-7f42a1498000 rw-p 00000000 00:00 0 
7f42a1498000-7f42a1499000 ---p 00000000 00:00 0 
7f42a1499000-7f42a1599000 rw-p 00000000 00:00 0 
7f42a1599000-7f42a159c000 ---p 00000000 00:00 0 
7f42a159c000-7f42a169a000 rw-p 00000000 00:00 0 
7f42a169a000-7f42a169b000 ---p 00000000 00:00 0 
7f42a169b000-7f42a169e000 ---p 00000000 00:00 0 
7f42a169e000-7f42a179b000 rw-p 00000000 00:00 0 
7f42a179b000-7f42a179c000 ---p 00000000 00:00 0 
7f42a179c000-7f42a179f000 ---p 00000000 00:00 0 
7f42a179f000-7f42a189c000 rw-p 00000000 00:00 0 
7f42a189c000-7f42a189d000 ---p 00000000 00:00 0 
7f42a189d000-7f42a18a0000 ---p 00000000 00:00 0 
7f42a18a0000-7f42a199d000 rw-p 00000000 00:00 0 
7f42a199d000-7f42a19a0000 ---p 00000000 00:00 0 
7f42a19a0000-7f42a1a9e000 rw-p 00000000 00:00 0 
7f42a1a9e000-7f42a1ead000 r--p 00000000 08:07 8917804                    /usr/lib/locale/locale-archive
7f42a1ead000-7f42a1eb0000 ---p 00000000 00:00 0 
7f42a1eb0000-7f42a1fae000 rw-p 00000000 00:00 0 
7f42a1fae000-7f42a1fb1000 ---p 00000000 00:00 0 
7f42a1fb1000-7f42a20af000 rw-p 00000000 00:00 0 
7f42a20af000-7f42a20b0000 ---p 00000000 00:00 0 
7f42a20b0000-7f42a4000000 rw-p 00000000 00:00 0 
7f42a4000000-7f42a4021000 rw-p 00000000 00:00 0 
7f42a4021000-7f42a8000000 ---p 00000000 00:00 0 
7f42a802c000-7f42a803f000 r--s 00345000 08:07 9177318                    /usr/lib/jvm/java-8-oracle/jre/lib/resources.jar
7f42a803f000-7f42a9000000 rw-p 00000000 00:00 0 
7f42a9000000-7f42a9290000 rwxp 00000000 00:00 0 
7f42a9290000-7f42b8000000 ---p 00000000 00:00 0 
7f42b8000000-7f42b832d000 rw-p 00000000 00:00 0 
7f42b832d000-7f42bc000000 ---p 00000000 00:00 0 
7f42bc00c000-7f42bc1e6000 r--s 03d68000 08:07 9176517                    /usr/lib/jvm/java-8-oracle/jre/lib/rt.jar
7f42bc1e6000-7f42bcc41000 rw-p 00000000 00:00 0 
7f42bcc41000-7f42bcc42000 ---p 00000000 00:00 0 
7f42bcc42000-7f42bcd42000 rw-p 00000000 00:00 0 
7f42bcd42000-7f42bcd43000 ---p 00000000 00:00 0 
7f42bcd43000-7f42bce43000 rw-p 00000000 00:00 0 
7f42bce43000-7f42bce44000 ---p 00000000 00:00 0 
7f42bce44000-7f42bcf44000 rw-p 00000000 00:00 0 
7f42bcf44000-7f42bcf45000 ---p 00000000 00:00 0 
7f42bcf45000-7f42bd05a000 rw-p 00000000 00:00 0 
7f42bd05a000-7f42bd189000 ---p 00000000 00:00 0 
7f42bd189000-7f42bd19e000 rw-p 00000000 00:00 0 
7f42bd19e000-7f42bd2cc000 ---p 00000000 00:00 0 
7f42bd2cc000-7f42bd2d7000 rw-p 00000000 00:00 0 
7f42bd2d7000-7f42bd36e000 ---p 00000000 00:00 0 
7f42bd36e000-7f42bd37a000 rw-p 00000000 00:00 0 
7f42bd37a000-7f42bd72f000 ---p 00000000 00:00 0 
7f42bd72f000-7f42bd74a000 r-xp 00000000 08:07 9177712                    /usr/lib/jvm/java-8-oracle/jre/lib/amd64/libzip.so
7f42bd74a000-7f42bd94a000 ---p 0001b000 08:07 9177712                    /usr/lib/jvm/java-8-oracle/jre/lib/amd64/libzip.so
7f42bd94a000-7f42bd94b000 rw-p 0001b000 08:07 9177712                    /usr/lib/jvm/java-8-oracle/jre/lib/amd64/libzip.so
7f42bd94b000-7f42bd956000 r-xp 00000000 08:07 10223900                   /lib/x86_64-linux-gnu/libnss_files-2.27.so
7f42bd956000-7f42bdb55000 ---p 0000b000 08:07 10223900                   /lib/x86_64-linux-gnu/libnss_files-2.27.so
7f42bdb55000-7f42bdb56000 r--p 0000a000 08:07 10223900                   /lib/x86_64-linux-gnu/libnss_files-2.27.so
7f42bdb56000-7f42bdb57000 rw-p 0000b000 08:07 10223900                   /lib/x86_64-linux-gnu/libnss_files-2.27.so
7f42bdb57000-7f42bdb5d000 rw-p 00000000 00:00 0 
7f42bdb5d000-7f42bdb74000 r-xp 00000000 08:07 10223894                   /lib/x86_64-linux-gnu/libnsl-2.27.so
7f42bdb74000-7f42bdd73000 ---p 00017000 08:07 10223894                   /lib/x86_64-linux-gnu/libnsl-2.27.so
7f42bdd73000-7f42bdd74000 r--p 00016000 08:07 10223894                   /lib/x86_64-linux-gnu/libnsl-2.27.so
7f42bdd74000-7f42bdd75000 rw-p 00017000 08:07 10223894                   /lib/x86_64-linux-gnu/libnsl-2.27.so
7f42bdd75000-7f42bdd77000 rw-p 00000000 00:00 0 
7f42bdd77000-7f42bdd82000 r-xp 00000000 08:07 10223904                   /lib/x86_64-linux-gnu/libnss_nis-2.27.so
7f42bdd82000-7f42bdf81000 ---p 0000b000 08:07 10223904                   /lib/x86_64-linux-gnu/libnss_nis-2.27.so
7f42bdf81000-7f42bdf82000 r--p 0000a000 08:07 10223904                   /lib/x86_64-linux-gnu/libnss_nis-2.27.so
7f42bdf82000-7f42bdf83000 rw-p 0000b000 08:07 10223904                   /lib/x86_64-linux-gnu/libnss_nis-2.27.so
7f42bdf83000-7f42bdf8b000 r-xp 00000000 08:07 10223896                   /lib/x86_64-linux-gnu/libnss_compat-2.27.so
7f42bdf8b000-7f42be18b000 ---p 00008000 08:07 10223896                   /lib/x86_64-linux-gnu/libnss_compat-2.27.so
7f42be18b000-7f42be18c000 r--p 00008000 08:07 10223896                   /lib/x86_64-linux-gnu/libnss_compat-2.27.so
7f42be18c000-7f42be18d000 rw-p 00009000 08:07 10223896                   /lib/x86_64-linux-gnu/libnss_compat-2.27.so
7f42be18d000-7f42be1b8000 r-xp 00000000 08:07 9177705                    /usr/lib/jvm/java-8-oracle/jre/lib/amd64/libjava.so
7f42be1b8000-7f42be3b7000 ---p 0002b000 08:07 9177705                    /usr/lib/jvm/java-8-oracle/jre/lib/amd64/libjava.so
7f42be3b7000-7f42be3b9000 rw-p 0002a000 08:07 9177705                    /usr/lib/jvm/java-8-oracle/jre/lib/amd64/libjava.so
7f42be3b9000-7f42be3c6000 r-xp 00000000 08:07 9177711                    /usr/lib/jvm/java-8-oracle/jre/lib/amd64/libverify.so
7f42be3c6000-7f42be5c6000 ---p 0000d000 08:07 9177711                    /usr/lib/jvm/java-8-oracle/jre/lib/amd64/libverify.so
7f42be5c6000-7f42be5c8000 rw-p 0000d000 08:07 9177711                    /usr/lib/jvm/java-8-oracle/jre/lib/amd64/libverify.so
7f42be5c8000-7f42be5cf000 r-xp 00000000 08:07 10223914                   /lib/x86_64-linux-gnu/librt-2.27.so
7f42be5cf000-7f42be7ce000 ---p 00007000 08:07 10223914                   /lib/x86_64-linux-gnu/librt-2.27.so
7f42be7ce000-7f42be7cf000 r--p 00006000 08:07 10223914                   /lib/x86_64-linux-gnu/librt-2.27.so
7f42be7cf000-7f42be7d0000 rw-p 00007000 08:07 10223914                   /lib/x86_64-linux-gnu/librt-2.27.so
7f42be7d0000-7f42be96d000 r-xp 00000000 08:07 10223888                   /lib/x86_64-linux-gnu/libm-2.27.so
7f42be96d000-7f42beb6c000 ---p 0019d000 08:07 10223888                   /lib/x86_64-linux-gnu/libm-2.27.so
7f42beb6c000-7f42beb6d000 r--p 0019c000 08:07 10223888                   /lib/x86_64-linux-gnu/libm-2.27.so
7f42beb6d000-7f42beb6e000 rw-p 0019d000 08:07 10223888                   /lib/x86_64-linux-gnu/libm-2.27.so
7f42beb6e000-7f42bf847000 r-xp 00000000 08:07 9177683                    /usr/lib/jvm/java-8-oracle/jre/lib/amd64/server/libjvm.so
7f42bf847000-7f42bfa46000 ---p 00cd9000 08:07 9177683                    /usr/lib/jvm/java-8-oracle/jre/lib/amd64/server/libjvm.so
7f42bfa46000-7f42bfb20000 rw-p 00cd8000 08:07 9177683                    /usr/lib/jvm/java-8-oracle/jre/lib/amd64/server/libjvm.so
7f42bfb20000-7f42bfb6b000 rw-p 00000000 00:00 0 
7f42bfb6b000-7f42bfd52000 r-xp 00000000 08:07 10223880                   /lib/x86_64-linux-gnu/libc-2.27.so
7f42bfd52000-7f42bff52000 ---p 001e7000 08:07 10223880                   /lib/x86_64-linux-gnu/libc-2.27.so
7f42bff52000-7f42bff56000 r--p 001e7000 08:07 10223880                   /lib/x86_64-linux-gnu/libc-2.27.so
7f42bff56000-7f42bff58000 rw-p 001eb000 08:07 10223880                   /lib/x86_64-linux-gnu/libc-2.27.so
7f42bff58000-7f42bff5c000 rw-p 00000000 00:00 0 
7f42bff5c000-7f42bff5f000 r-xp 00000000 08:07 10223886                   /lib/x86_64-linux-gnu/libdl-2.27.so
7f42bff5f000-7f42c015e000 ---p 00003000 08:07 10223886                   /lib/x86_64-linux-gnu/libdl-2.27.so
7f42c015e000-7f42c015f000 r--p 00002000 08:07 10223886                   /lib/x86_64-linux-gnu/libdl-2.27.so
7f42c015f000-7f42c0160000 rw-p 00003000 08:07 10223886                   /lib/x86_64-linux-gnu/libdl-2.27.so
7f42c0160000-7f42c0176000 r-xp 00000000 08:07 9175973                    /usr/lib/jvm/java-8-oracle/lib/amd64/jli/libjli.so
7f42c0176000-7f42c0375000 ---p 00016000 08:07 9175973                    /usr/lib/jvm/java-8-oracle/lib/amd64/jli/libjli.so
7f42c0375000-7f42c0376000 rw-p 00015000 08:07 9175973                    /usr/lib/jvm/java-8-oracle/lib/amd64/jli/libjli.so
7f42c0376000-7f42c0390000 r-xp 00000000 08:07 10223910                   /lib/x86_64-linux-gnu/libpthread-2.27.so
7f42c0390000-7f42c058f000 ---p 0001a000 08:07 10223910                   /lib/x86_64-linux-gnu/libpthread-2.27.so
7f42c058f000-7f42c0590000 r--p 00019000 08:07 10223910                   /lib/x86_64-linux-gnu/libpthread-2.27.so
7f42c0590000-7f42c0591000 rw-p 0001a000 08:07 10223910                   /lib/x86_64-linux-gnu/libpthread-2.27.so
7f42c0591000-7f42c0595000 rw-p 00000000 00:00 0 
7f42c0595000-7f42c05bc000 r-xp 00000000 08:07 10223858                   /lib/x86_64-linux-gnu/ld-2.27.so
7f42c05c3000-7f42c069b000 rw-p 00000000 00:00 0 
7f42c069b000-7f42c069c000 ---p 00000000 00:00 0 
7f42c069c000-7f42c069f000 ---p 00000000 00:00 0 
7f42c069f000-7f42c079e000 rw-p 00000000 00:00 0 
7f42c07b0000-7f42c07b8000 rw-s 00000000 08:07 9178569                    /tmp/hsperfdata_alex/5278
7f42c07b8000-7f42c07b9000 rw-p 00000000 00:00 0 
7f42c07b9000-7f42c07ba000 r--p 00000000 00:00 0 
7f42c07ba000-7f42c07bc000 rw-p 00000000 00:00 0 
7f42c07bc000-7f42c07bd000 r--p 00027000 08:07 10223858                   /lib/x86_64-linux-gnu/ld-2.27.so
7f42c07bd000-7f42c07be000 rw-p 00028000 08:07 10223858                   /lib/x86_64-linux-gnu/ld-2.27.so
7f42c07be000-7f42c07bf000 rw-p 00000000 00:00 0 
7ffcbf925000-7ffcbf946000 rw-p 00000000 00:00 0                          [stack]
7ffcbf984000-7ffcbf987000 r--p 00000000 00:00 0                          [vvar]
7ffcbf987000-7ffcbf989000 r-xp 00000000 00:00 0                          [vdso]
ffffffffff600000-ffffffffff601000 r-xp 00000000 00:00 0                  [vsyscall]

VM Arguments:
jvm_args: -Dfile.encoding=UTF-8 
java_command: Main
java_class_path (initial): /home/alex/NetBeansProjects/Parcial2/build/classes
Launcher Type: SUN_STANDARD

Environment Variables:
JAVA_HOME=/usr/lib/jvm/java-8-oracle
PATH=/home/alex/bin:/home/alex/.local/bin:/usr/local/sbin:/usr/local/bin:/usr/sbin:/usr/bin:/sbin:/bin:/usr/games:/usr/local/games:/snap/bin:/usr/lib/jvm/java-8-oracle/bin:/usr/lib/jvm/java-8-oracle/db/bin:/usr/lib/jvm/java-8-oracle/jre/bin
USERNAME=alex
LD_LIBRARY_PATH=/usr/lib/jvm/java-8-oracle/jre/lib/amd64:/usr/lib/jvm/java-8-oracle/jre/lib/i386:
SHELL=/bin/bash
DISPLAY=:0

Signal Handlers:
SIGSEGV: [libjvm.so+0xad0890], sa_mask[0]=11111111011111111101111111111110, sa_flags=SA_RESTART|SA_SIGINFO
SIGBUS: [libjvm.so+0xad0890], sa_mask[0]=11111111011111111101111111111110, sa_flags=SA_RESTART|SA_SIGINFO
SIGFPE: [libjvm.so+0x928640], sa_mask[0]=11111111011111111101111111111110, sa_flags=SA_RESTART|SA_SIGINFO
SIGPIPE: [libjvm.so+0x928640], sa_mask[0]=11111111011111111101111111111110, sa_flags=SA_RESTART|SA_SIGINFO
SIGXFSZ: [libjvm.so+0x928640], sa_mask[0]=11111111011111111101111111111110, sa_flags=SA_RESTART|SA_SIGINFO
SIGILL: [libjvm.so+0x928640], sa_mask[0]=11111111011111111101111111111110, sa_flags=SA_RESTART|SA_SIGINFO
SIGUSR1: SIG_DFL, sa_mask[0]=00000000000000000000000000000000, sa_flags=none
SIGUSR2: [libjvm.so+0x929ea0], sa_mask[0]=00100000000000000000000000000000, sa_flags=SA_RESTART|SA_SIGINFO
SIGHUP: [libjvm.so+0x92b2a0], sa_mask[0]=11111111011111111101111111111110, sa_flags=SA_RESTART|SA_SIGINFO
SIGINT: SIG_IGN, sa_mask[0]=00000000000000000000000000000000, sa_flags=none
SIGTERM: [libjvm.so+0x92b2a0], sa_mask[0]=11111111011111111101111111111110, sa_flags=SA_RESTART|SA_SIGINFO
SIGQUIT: [libjvm.so+0x92b2a0], sa_mask[0]=11111111011111111101111111111110, sa_flags=SA_RESTART|SA_SIGINFO


---------------  S Y S T E M  ---------------

OS:DISTRIB_ID=Ubuntu
DISTRIB_RELEASE=18.04
DISTRIB_CODENAME=bionic
DISTRIB_DESCRIPTION="Ubuntu 18.04 LTS"

uname:Linux 4.15.0-22-generic #24-Ubuntu SMP Wed May 16 12:15:17 UTC 2018 x86_64
libc:glibc 2.27 NPTL 2.27 
rlimit: STACK 8192k, CORE 0k, NPROC 15059, NOFILE 1048576, AS infinity
load average:27.11 8.50 4.32

/proc/meminfo:
MemTotal:        3969508 kB
MemFree:         2555352 kB
MemAvailable:    2692484 kB
Buffers:           23456 kB
Cached:           355236 kB
SwapCached:       124160 kB
Active:           872156 kB
Inactive:         383588 kB
Active(anon):     706892 kB
Inactive(anon):   225480 kB
Active(file):     165264 kB
Inactive(file):   158108 kB
Unevictable:          16 kB
Mlocked:              16 kB
SwapTotal:       4124668 kB
SwapFree:        3672572 kB
Dirty:               260 kB
Writeback:           436 kB
AnonPages:        832936 kB
Mapped:            73180 kB
Shmem:             55304 kB
Slab:              81216 kB
SReclaimable:      41284 kB
SUnreclaim:        39932 kB
KernelStack:        5056 kB
PageTables:        10032 kB
NFS_Unstable:          0 kB
Bounce:                0 kB
WritebackTmp:          0 kB
CommitLimit:     6109420 kB
Committed_AS:    2744700 kB
VmallocTotal:   34359738367 kB
VmallocUsed:           0 kB
VmallocChunk:          0 kB
HardwareCorrupted:     0 kB
AnonHugePages:         0 kB
ShmemHugePages:        0 kB
ShmemPmdMapped:        0 kB
CmaTotal:              0 kB
CmaFree:               0 kB
HugePages_Total:       0
HugePages_Free:        0
HugePages_Rsvd:        0
HugePages_Surp:        0
Hugepagesize:       2048 kB
DirectMap4k:      151872 kB
DirectMap2M:     3973120 kB
DirectMap1G:     1048576 kB


CPU:total 4 (initial active 4) (2 cores per cpu, 2 threads per core) family 6 model 69 stepping 1, cmov, cx8, fxsr, mmx, sse, sse2, sse3, ssse3, sse4.1, sse4.2, popcnt, avx, avx2, aes, clmul, erms, lzcnt, ht, tsc, tscinvbit, bmi1, bmi2

/proc/cpuinfo:
processor	: 0
vendor_id	: GenuineIntel
cpu family	: 6
model		: 69
model name	: Intel(R) Core(TM) i3-4005U CPU @ 1.70GHz
stepping	: 1
microcode	: 0x23
cpu MHz		: 1702.532
cache size	: 3072 KB
physical id	: 0
siblings	: 4
core id		: 0
cpu cores	: 2
apicid		: 0
initial apicid	: 0
fpu		: yes
fpu_exception	: yes
cpuid level	: 13
wp		: yes
flags		: fpu vme de pse tsc msr pae mce cx8 apic sep mtrr pge mca cmov pat pse36 clflush dts acpi mmx fxsr sse sse2 ss ht tm pbe syscall nx pdpe1gb rdtscp lm constant_tsc arch_perfmon pebs bts rep_good nopl xtopology nonstop_tsc cpuid aperfmperf pni pclmulqdq dtes64 monitor ds_cpl vmx est tm2 ssse3 sdbg fma cx16 xtpr pdcm pcid sse4_1 sse4_2 movbe popcnt tsc_deadline_timer aes xsave avx f16c rdrand lahf_lm abm cpuid_fault epb invpcid_single pti tpr_shadow vnmi flexpriority ept vpid fsgsbase tsc_adjust bmi1 avx2 smep bmi2 erms invpcid xsaveopt ibpb ibrs stibp dtherm ida arat pln pts
bugs		: cpu_meltdown spectre_v1 spectre_v2 spec_store_bypass
bogomips	: 3392.01
clflush size	: 64
cache_alignment	: 64
address sizes	: 39 bits physical, 48 bits virtual
power management:

processor	: 1
vendor_id	: GenuineIntel
cpu family	: 6
model		: 69
model name	: Intel(R) Core(TM) i3-4005U CPU @ 1.70GHz
stepping	: 1
microcode	: 0x23
cpu MHz		: 1643.419
cache size	: 3072 KB
physical id	: 0
siblings	: 4
core id		: 0
cpu cores	: 2
apicid		: 1
initial apicid	: 1
fpu		: yes
fpu_exception	: yes
cpuid level	: 13
wp		: yes
flags		: fpu vme de pse tsc msr pae mce cx8 apic sep mtrr pge mca cmov pat pse36 clflush dts acpi mmx fxsr sse sse2 ss ht tm pbe syscall nx pdpe1gb rdtscp lm constant_tsc arch_perfmon pebs bts rep_good nopl xtopology nonstop_tsc cpuid aperfmperf pni pclmulqdq dtes64 monitor ds_cpl vmx est tm2 ssse3 sdbg fma cx16 xtpr pdcm pcid sse4_1 sse4_2 movbe popcnt tsc_deadline_timer aes xsave avx f16c rdrand lahf_lm abm cpuid_fault epb invpcid_single pti tpr_shadow vnmi flexpriority ept vpid fsgsbase tsc_adjust bmi1 avx2 smep bmi2 erms invpcid xsaveopt ibpb ibrs stibp dtherm ida arat pln pts
bugs		: cpu_meltdown spectre_v1 spectre_v2 spec_store_bypass
bogomips	: 3392.01
clflush size	: 64
cache_alignment	: 64
address sizes	: 39 bits physical, 48 bits virtual
power management:

processor	: 2
vendor_id	: GenuineIntel
cpu family	: 6
model		: 69
model name	: Intel(R) Core(TM) i3-4005U CPU @ 1.70GHz
stepping	: 1
microcode	: 0x23
cpu MHz		: 1695.989
cache size	: 3072 KB
physical id	: 0
siblings	: 4
core id		: 1
cpu cores	: 2
apicid		: 2
initial apicid	: 2
fpu		: yes
fpu_exception	: yes
cpuid level	: 13
wp		: yes
flags		: fpu vme de pse tsc msr pae mce cx8 apic sep mtrr pge mca cmov pat pse36 clflush dts acpi mmx fxsr sse sse2 ss ht tm pbe syscall nx pdpe1gb rdtscp lm constant_tsc arch_perfmon pebs bts rep_good nopl xtopology nonstop_tsc cpuid aperfmperf pni pclmulqdq dtes64 monitor ds_cpl vmx est tm2 ssse3 sdbg fma cx16 xtpr pdcm pcid sse4_1 sse4_2 movbe popcnt tsc_deadline_timer aes xsave avx f16c rdrand lahf_lm abm cpuid_fault epb invpcid_single pti tpr_shadow vnmi flexpriority ept vpid fsgsbase tsc_adjust bmi1 avx2 smep bmi2 erms invpcid xsaveopt ibpb ibrs stibp dtherm ida arat pln pts
bugs		: cpu_meltdown spectre_v1 spectre_v2 spec_store_bypass
bogomips	: 3392.01
clflush size	: 64
cache_alignment	: 64
address sizes	: 39 bits physical, 48 bits virtual
power management:

processor	: 3
vendor_id	: GenuineIntel
cpu family	: 6
model		: 69
model name	: Intel(R) Core(TM) i3-4005U CPU @ 1.70GHz
stepping	: 1
microcode	: 0x23
cpu MHz		: 1695.982
cache size	: 3072 KB
physical id	: 0
siblings	: 4
core id		: 1
cpu cores	: 2
apicid		: 3
initial apicid	: 3
fpu		: yes
fpu_exception	: yes
cpuid level	: 13
wp		: yes
flags		: fpu vme de pse tsc msr pae mce cx8 apic sep mtrr pge mca cmov pat pse36 clflush dts acpi mmx fxsr sse sse2 ss ht tm pbe syscall nx pdpe1gb rdtscp lm constant_tsc arch_perfmon pebs bts rep_good nopl xtopology nonstop_tsc cpuid aperfmperf pni pclmulqdq dtes64 monitor ds_cpl vmx est tm2 ssse3 sdbg fma cx16 xtpr pdcm pcid sse4_1 sse4_2 movbe popcnt tsc_deadline_timer aes xsave avx f16c rdrand lahf_lm abm cpuid_fault epb invpcid_single pti tpr_shadow vnmi flexpriority ept vpid fsgsbase tsc_adjust bmi1 avx2 smep bmi2 erms invpcid xsaveopt ibpb ibrs stibp dtherm ida arat pln pts
bugs		: cpu_meltdown spectre_v1 spectre_v2 spec_store_bypass
bogomips	: 3392.01
clflush size	: 64
cache_alignment	: 64
address sizes	: 39 bits physical, 48 bits virtual
power management:



Memory: 4k page, physical 3969508k(2555352k free), swap 4124668k(3672572k free)

vm_info: Java HotSpot(TM) 64-Bit Server VM (25.171-b11) for linux-amd64 JRE (1.8.0_171-b11), built on Mar 28 2018 17:07:08 by "java_re" with gcc 4.3.0 20080428 (Red Hat 4.3.0-8)

time: Thu Jun 14 17:50:13 2018
elapsed time: 13449 seconds (0d 3h 44m 9s)

