#
# A fatal error has been detected by the Java Runtime Environment:
#
#  SIGSEGV (0xb) at pc=0x00007f600d069cba, pid=9835, tid=0x00007f5fd303e700
#
# JRE version: Java(TM) SE Runtime Environment (8.0_171-b11) (build 1.8.0_171-b11)
# Java VM: Java HotSpot(TM) 64-Bit Server VM (25.171-b11 mixed mode linux-amd64 compressed oops)
# Problematic frame:
# v  ~BufferBlob::jni_fast_GetLongField
#
# Failed to write core dump. Core dumps have been disabled. To enable core dumping, try "ulimit -c unlimited" before starting Java again
#
# If you would like to submit a bug report, please visit:
#   http://bugreport.java.com/bugreport/crash.jsp
# The crash happened outside the Java Virtual Machine in native code.
# See problematic frame for where to report the bug.
#

---------------  T H R E A D  ---------------

Current thread (0x00007f601c24f800):  JavaThread "AWT-XAWT" daemon [_thread_in_native, id=9854, stack(0x00007f5fd2f3e000,0x00007f5fd303f000)]

siginfo: si_signo: 11 (SIGSEGV), si_code: 1 (SEGV_MAPERR), si_addr: 0x0000000000000000

Registers:
RAX=0x00007f6023a1e4c0, RBX=0x00007f601c24f9f8, RCX=0x00007f60244af320, RDX=0x0000000000000042
RSP=0x00007f5fd303d558, RBP=0x00007f5fd303d580, RSI=0x0000000000000000, RDI=0x00007f601c24f9f8
R8 =0x00000000ebdfde90, R9 =0x0000000000000000, R10=0x0000000000000070, R11=0x00007f600d277cd8
R12=0x00007f5fb4015560, R13=0x0000000000000000, R14=0x00007f5ffd0c4820, R15=0x00007f601c24f800
RIP=0x00007f600d069cba, EFLAGS=0x0000000000010246, CSGSFS=0x002b000000000033, ERR=0x0000000000000004
  TRAPNO=0x000000000000000e

Top of Stack: (sp=0x00007f5fd303d558)
0x00007f5fd303d558:   00007f5ffcea3001 00007f602066c030
0x00007f5fd303d568:   00007f5fb4015560 00007f5fd303d630
0x00007f5fd303d578:   00007f5fd303d600 0000000000000000
0x00007f5fd303d588:   00007f5ffc985300 00007f602066c030
0x00007f5fd303d598:   00007f5fd303d5c0 0000000000000000
0x00007f5fd303d5a8:   00007f5ffc97ce23 00007f5fd303d630
0x00007f5fd303d5b8:   00007f5ffce9c23f 00007f5fd303d610
0x00007f5fd303d5c8:   00007f600d277d76 0000000000000000
0x00007f5fd303d5d8:   00007f600d22d5b6 00007f5fd303d630
0x00007f5fd303d5e8:   00007f600d16d76c 00007f5fd303d690
0x00007f5fd303d5f8:   00000000ebf7de60 00000000ebf7ebc0
0x00007f5fd303d608:   0000000000000001 00007f5fd303d690
0x00007f5fd303d618:   00007f600d007a90 00007f5fd303d690
0x00007f5fd303d628:   00007f600d007a90 0000000000000000
0x00007f5fd303d638:   00007f600d007dd0 00007f5fc40030a0
0x00007f5fd303d648:   00000000ebfcbb78 00007f5fd303d650
0x00007f5fd303d658:   00007f602064c18c 00007f5fd303d6d8
0x00007f5fd303d668:   00007f6020655170 0000000000000000
0x00007f5fd303d678:   00007f602064c2c8 00007f5fd303d630
0x00007f5fd303d688:   00007f5fd303d6d0 00007f5fd303d720
0x00007f5fd303d698:   00007f600d0082bd 0000000000000000
0x00007f5fd303d6a8:   00000000ec2ca288 00000000ec2c5760
0x00007f5fd303d6b8:   0000000000000000 0000000000000000
0x00007f5fd303d6c8:   00000000ebfcbb78 0000000000000000
0x00007f5fd303d6d8:   00000000ebfb1a30 00007f5fd303d6e0
0x00007f5fd303d6e8:   00007f602064bfcd 00007f5fd303d730
0x00007f5fd303d6f8:   00007f6020655170 0000000000000000
0x00007f5fd303d708:   00007f602064bfd8 00007f5fd303d6d0
0x00007f5fd303d718:   00007f5fd303d730 00007f5fd303d778
0x00007f5fd303d728:   00007f600d008302 00000000ebfb1a30
0x00007f5fd303d738:   00007f5fd303d738 00007f60201a953b
0x00007f5fd303d748:   00007f5fd303d788 00007f6020230f88 

Instructions: (pc=0x00007f600d069cba)
0x00007f600d069c9a:   00 00 00 00 00 00 44 8b 15 41 43 9f 16 4c 8b ce
0x00007f600d069caa:   41 f6 c2 01 0f 85 2e 00 00 00 4d 33 ca 4d 33 ca
0x00007f600d069cba:   4d 8b 09 4c 8b da 49 c1 eb 02 4b 8b 04 19 49 bb
0x00007f600d069cca:   e8 df a5 23 60 7f 00 00 4c 33 d8 4c 33 d8 45 3b 

Register to memory mapping:

RAX=0x00007f6023a1e4c0: <offset 0xf914c0> in /usr/lib/jvm/java-8-oracle/jre/lib/amd64/server/libjvm.so at 0x00007f6022a8d000
RBX=0x00007f601c24f9f8 is an unknown value
RCX=0x00007f60244af320: <offset 0x21a320> in /lib/x86_64-linux-gnu/libpthread.so.0 at 0x00007f6024295000
RDX=0x0000000000000042 is an unknown value
RSP=0x00007f5fd303d558 is pointing into the stack for thread: 0x00007f601c24f800
RBP=0x00007f5fd303d580 is pointing into the stack for thread: 0x00007f601c24f800
RSI=0x0000000000000000 is an unknown value
RDI=0x00007f601c24f9f8 is an unknown value
R8 =0x00000000ebdfde90 is an oop
sun.util.logging.PlatformLogger$Level 
 - klass: 'sun/util/logging/PlatformLogger$Level'
R9 =0x0000000000000000 is an unknown value
R10=0x0000000000000070 is an unknown value
R11=0x00007f600d277cd8 is at entry_point+24 in (nmethod*)0x00007f600d277b50
R12=0x00007f5fb4015560 is an unknown value
R13=0x0000000000000000 is an unknown value
R14=0x00007f5ffd0c4820: <offset 0x258820> in /usr/lib/jvm/java-8-oracle/jre/lib/amd64/libawt_xawt.so at 0x00007f5ffce6c000
R15=0x00007f601c24f800 is a thread


Stack: [0x00007f5fd2f3e000,0x00007f5fd303f000],  sp=0x00007f5fd303d558,  free space=1021k
Native frames: (J=compiled Java code, j=interpreted, Vv=VM code, C=native code)
v  ~BufferBlob::jni_fast_GetLongField
C  [libX11.so.6+0x64300]  _XimServerDestroy+0x70

Java frames: (J=compiled Java code, j=interpreted, Vv=VM code)
J 692  sun.awt.X11.XlibWrapper.XFilterEvent(JJ)Z (0 bytes) @ 0x00007f600d277d04 [0x00007f600d277cc0+0x44]
j  sun.awt.X11.XToolkit.run(Z)V+300
j  sun.awt.X11.XToolkit.run()V+5
j  java.lang.Thread.run()V+11
v  ~StubRoutines::call_stub

---------------  P R O C E S S  ---------------

Java Threads: ( => current thread )
  0x00007f5fe4005000 JavaThread "SIGTERM handler" daemon [_thread_blocked, id=10535, stack(0x00007f5fd1e90000,0x00007f5fd1f91000)]
  0x00007f5fe4003800 JavaThread "SIGTERM handler" daemon [_thread_blocked, id=10534, stack(0x00007f5fd1f91000,0x00007f5fd2092000)]
  0x00007f5fe4002000 JavaThread "SIGHUP handler" daemon [_thread_blocked, id=10533, stack(0x00007f5fd2e3d000,0x00007f5fd2f3e000)]
  0x00007f5fb401c000 JavaThread "XToolkt-Shutdown-Thread" [_thread_blocked, id=10529, stack(0x00007f5fd2694000,0x00007f5fd2795000)]
  0x00007f5fe4001000 JavaThread "SIGHUP handler" daemon [_thread_blocked, id=10526, stack(0x00007f5fd2593000,0x00007f5fd2694000)]
  0x00007f5fb4020000 JavaThread "TimerQueue" daemon [_thread_blocked, id=9858, stack(0x00007f5fd2092000,0x00007f5fd2193000)]
=>0x00007f601c24f800 JavaThread "AWT-XAWT" daemon [_thread_in_native, id=9854, stack(0x00007f5fd2f3e000,0x00007f5fd303f000)]
  0x00007f601c22d800 JavaThread "Java2D Disposer" daemon [_thread_blocked, id=9853, stack(0x00007f5fd344f000,0x00007f5fd3550000)]
  0x00007f601c0ca800 JavaThread "Service Thread" daemon [_thread_blocked, id=9851, stack(0x00007f5ffd498000,0x00007f5ffd599000)]
  0x00007f601c0bf000 JavaThread "C1 CompilerThread2" daemon [_thread_in_vm, id=9850, stack(0x00007f5ffd59a000,0x00007f5ffd69a000)]
  0x00007f601c0bd800 JavaThread "C2 CompilerThread1" daemon [_thread_blocked, id=9849, stack(0x00007f5ffd69b000,0x00007f5ffd79b000)]
  0x00007f601c0ba800 JavaThread "C2 CompilerThread0" daemon [_thread_in_vm, id=9848, stack(0x00007f5ffd79c000,0x00007f5ffd89c000)]
  0x00007f601c0b9000 JavaThread "Signal Dispatcher" daemon [_thread_blocked, id=9847, stack(0x00007f5ffd89c000,0x00007f5ffd99d000)]
  0x00007f601c085800 JavaThread "Finalizer" daemon [_thread_blocked, id=9846, stack(0x00007f5ffddac000,0x00007f5ffdead000)]
  0x00007f601c081000 JavaThread "Reference Handler" daemon [_thread_blocked, id=9845, stack(0x00007f5ffdead000,0x00007f5ffdfae000)]
  0x00007f601c00b000 JavaThread "main" [_thread_in_vm_trans, id=9839, stack(0x00007f60245bb000,0x00007f60246bb000)]

Other Threads:
  0x00007f601c079000 VMThread [stack: 0x00007f5ffdfaf000,0x00007f5ffe0af000] [id=9844]
  0x00007f601c0cf800 WatcherThread [stack: 0x00007f5ffd398000,0x00007f5ffd498000] [id=9852]

VM state:synchronizing (normal execution)

VM Mutex/Monitor currently owned by a thread:  ([mutex/lock_event])
[0x00007f601c0077f0] Safepoint_lock - owner thread: 0x00007f601c079000
[0x00007f601c007870] Threads_lock - owner thread: 0x00007f601c079000

Heap:
 PSYoungGen      total 18432K, used 8278K [0x00000000ebd00000, 0x00000000ed180000, 0x0000000100000000)
  eden space 15872K, 52% used [0x00000000ebd00000,0x00000000ec515810,0x00000000ecc80000)
  from space 2560K, 0% used [0x00000000ecf00000,0x00000000ecf00000,0x00000000ed180000)
  to   space 2560K, 0% used [0x00000000ecc80000,0x00000000ecc80000,0x00000000ecf00000)
 ParOldGen       total 42496K, used 0K [0x00000000c3600000, 0x00000000c5f80000, 0x00000000ebd00000)
  object space 42496K, 0% used [0x00000000c3600000,0x00000000c3600000,0x00000000c5f80000)
 Metaspace       used 12580K, capacity 12756K, committed 12928K, reserved 1060864K
  class space    used 1535K, capacity 1586K, committed 1664K, reserved 1048576K

Card table byte_map: [0x00007f60210a8000,0x00007f602128e000] byte_map_base: 0x00007f6020a8d000

Marking Bits: (ParMarkBitMap*) 0x00007f6023a5d280
 Begin Bits: [0x00007f5ffe1b0000, 0x00007f5fff0d8000)
 End Bits:   [0x00007f5fff0d8000, 0x00007f6000000000)

Polling page: 0x00007f60246d8000

CodeCache: size=245760Kb used=2683Kb max_used=2691Kb free=243076Kb
 bounds [0x00007f600d000000, 0x00007f600d2b0000, 0x00007f601c000000]
 total_blobs=1287 nmethods=730 adapters=471
 compilation: enabled

Compilation events (10 events):
Event: 684.442 Thread 0x00007f601c0bd800  725       4       sun.awt.SunToolkit::awtUnlock (7 bytes)
Event: 684.445 Thread 0x00007f601c0bd800 nmethod 725 0x00007f600d296bd0 code [0x00007f600d296d20, 0x00007f600d296e08]
Event: 711.574 Thread 0x00007f601c0bf000  726   !   3       java.util.Vector$Itr::next (63 bytes)
Event: 711.575 Thread 0x00007f601c0bf000 nmethod 726 0x00007f600d294750 code [0x00007f600d294920, 0x00007f600d294fd8]
Event: 711.575 Thread 0x00007f601c0bf000  727       3       java.util.Vector$Itr::checkForComodification (23 bytes)
Event: 711.575 Thread 0x00007f601c0bf000 nmethod 727 0x00007f600d2942d0 code [0x00007f600d294440, 0x00007f600d294668]
Event: 744.250 Thread 0x00007f601c0bd800  728       4       sun.awt.X11.XToolkit::getDisplay (20 bytes)
Event: 744.251 Thread 0x00007f601c0bd800 nmethod 728 0x00007f600d242c50 code [0x00007f600d242d80, 0x00007f600d242dd8]
Event: 758.654 Thread 0x00007f601c0bf000  729       3       java.lang.Long::equals (30 bytes)
Event: 758.655 Thread 0x00007f601c0bf000 nmethod 729 0x00007f600d296490 code [0x00007f600d296620, 0x00007f600d296ad0]

GC Heap History (0 events):
No events

Deoptimization events (6 events):
Event: 1.974 Thread 0x00007f601c00b000 Uncommon trap: reason=null_check action=make_not_entrant pc=0x00007f600d17072c method=java.lang.String.equals(Ljava/lang/Object;)Z @ 8
Event: 2.307 Thread 0x00007f601c00b000 Uncommon trap: reason=unstable_if action=reinterpret pc=0x00007f600d1da09c method=java.lang.AbstractStringBuilder.append(Ljava/lang/String;)Ljava/lang/AbstractStringBuilder; @ 1
Event: 4.623 Thread 0x00007f601c2bb000 Uncommon trap: reason=class_check action=maybe_recompile pc=0x00007f600d187ee8 method=java.lang.String.equals(Ljava/lang/Object;)Z @ 8
Event: 4.623 Thread 0x00007f601c2bb000 Uncommon trap: reason=class_check action=maybe_recompile pc=0x00007f600d187ee8 method=java.lang.String.equals(Ljava/lang/Object;)Z @ 8
Event: 4.895 Thread 0x00007f601c2bb000 Uncommon trap: reason=class_check action=maybe_recompile pc=0x00007f600d187ee8 method=java.lang.String.equals(Ljava/lang/Object;)Z @ 8
Event: 4.895 Thread 0x00007f601c2bb000 Uncommon trap: reason=class_check action=maybe_recompile pc=0x00007f600d187ee8 method=java.lang.String.equals(Ljava/lang/Object;)Z @ 8

Classes redefined (0 events):
No events

Internal exceptions (10 events):
Event: 0.196 Thread 0x00007f601c00b000 Exception <a 'java/security/PrivilegedActionException'> (0x00000000ebd8b0d0) thrown at [/HUDSON/workspace/8-2-build-linux-amd64/jdk8u171/10807/hotspot/src/share/vm/prims/jvm.cpp, line 1435]
Event: 0.196 Thread 0x00007f601c00b000 Exception <a 'java/security/PrivilegedActionException'> (0x00000000ebd8b4c8) thrown at [/HUDSON/workspace/8-2-build-linux-amd64/jdk8u171/10807/hotspot/src/share/vm/prims/jvm.cpp, line 1435]
Event: 1.909 Thread 0x00007f601c00b000 Exception <a 'java/lang/NoSuchFieldError': method resolution failed> (0x00000000ebecf230) thrown at [/HUDSON/workspace/8-2-build-linux-amd64/jdk8u171/10807/hotspot/src/share/vm/prims/methodHandles.cpp, line 1167]
Event: 1.912 Thread 0x00007f601c00b000 Exception <a 'java/lang/NoSuchFieldError': method resolution failed> (0x00000000ebedcde8) thrown at [/HUDSON/workspace/8-2-build-linux-amd64/jdk8u171/10807/hotspot/src/share/vm/prims/methodHandles.cpp, line 1167]
Event: 1.958 Thread 0x00007f601c00b000 Exception <a 'java/io/FileNotFoundException'> (0x00000000ebf5cb38) thrown at [/HUDSON/workspace/8-2-build-linux-amd64/jdk8u171/10807/hotspot/src/share/vm/prims/jni.cpp, line 709]
Event: 1.958 Thread 0x00007f601c00b000 Exception <a 'java/io/FileNotFoundException'> (0x00000000ebf5d4d8) thrown at [/HUDSON/workspace/8-2-build-linux-amd64/jdk8u171/10807/hotspot/src/share/vm/prims/jni.cpp, line 709]
Event: 1.974 Thread 0x00007f601c00b000 Implicit null exception at 0x00007f600d170562 to 0x00007f600d17071d
Event: 2.307 Thread 0x00007f601c00b000 Implicit null exception at 0x00007f600d1d9cb3 to 0x00007f600d1da089
Event: 2.569 Thread 0x00007f601c2bb000 Exception <a 'java/lang/UnsupportedOperationException': > (0x00000000ec210d20) thrown at [/HUDSON/workspace/8-2-build-linux-amd64/jdk8u171/10807/hotspot/src/share/vm/prims/jni.cpp, line 735]
Event: 6.635 Thread 0x00007f601c2bb000 Exception <a 'java/lang/UnsupportedOperationException': > (0x00000000ec33e0d8) thrown at [/HUDSON/workspace/8-2-build-linux-amd64/jdk8u171/10807/hotspot/src/share/vm/prims/jni.cpp, line 735]

Events (10 events):
Event: 72.760 loading class Milicia/FabricaSoldados
Event: 72.760 loading class Milicia/FabricaSoldados done
Event: 72.772 loading class Milicia/Soldado
Event: 72.772 loading class Milicia/Soldado done
Event: 72.773 loading class Milicia/FabricaSoldados$1
Event: 72.773 loading class Milicia/FabricaSoldados$1 done
Event: 72.774 loading class Milicia/SoldadoEscuadron/SER2
Event: 72.774 loading class Milicia/SoldadoEscuadron/SER2 done
Event: 1100.511 loading class sun/misc/Signal$1
Event: 1101.278 loading class sun/misc/Signal$1 done


Dynamic libraries:
00400000-00401000 r-xp 00000000 08:07 8915736                            /usr/lib/jvm/java-8-oracle/bin/java
00600000-00601000 rw-p 00000000 08:07 8915736                            /usr/lib/jvm/java-8-oracle/bin/java
00a11000-00a32000 rw-p 00000000 00:00 0                                  [heap]
c3600000-c5f80000 rw-p 00000000 00:00 0 
c5f80000-ebd00000 ---p 00000000 00:00 0 
ebd00000-ed180000 rw-p 00000000 00:00 0 
ed180000-100000000 ---p 00000000 00:00 0 
100000000-1001a0000 rw-p 00000000 00:00 0 
1001a0000-140000000 ---p 00000000 00:00 0 
7f5fac000000-7f5fac021000 rw-p 00000000 00:00 0 
7f5fac021000-7f5fb0000000 ---p 00000000 00:00 0 
7f5fb0000000-7f5fb0021000 rw-p 00000000 00:00 0 
7f5fb0021000-7f5fb4000000 ---p 00000000 00:00 0 
7f5fb4000000-7f5fb403d000 rw-p 00000000 00:00 0 
7f5fb403d000-7f5fb8000000 ---p 00000000 00:00 0 
7f5fb8000000-7f5fb8021000 rw-p 00000000 00:00 0 
7f5fb8021000-7f5fbc000000 ---p 00000000 00:00 0 
7f5fbc000000-7f5fbc021000 rw-p 00000000 00:00 0 
7f5fbc021000-7f5fc0000000 ---p 00000000 00:00 0 
7f5fc0fff000-7f5fc4000000 rw-p 00000000 00:00 0 
7f5fc4000000-7f5fc4299000 rw-p 00000000 00:00 0 
7f5fc4299000-7f5fc8000000 ---p 00000000 00:00 0 
7f5fc8000000-7f5fc8021000 rw-p 00000000 00:00 0 
7f5fc8021000-7f5fcc000000 ---p 00000000 00:00 0 
7f5fcc000000-7f5fcc021000 rw-p 00000000 00:00 0 
7f5fcc021000-7f5fd0000000 ---p 00000000 00:00 0 
7f5fd1e90000-7f5fd1e93000 ---p 00000000 00:00 0 
7f5fd1e93000-7f5fd1f91000 rw-p 00000000 00:00 0 
7f5fd1f91000-7f5fd1f94000 ---p 00000000 00:00 0 
7f5fd1f94000-7f5fd2092000 rw-p 00000000 00:00 0 
7f5fd2092000-7f5fd2095000 ---p 00000000 00:00 0 
7f5fd2095000-7f5fd2293000 rw-p 00000000 00:00 0 
7f5fd2293000-7f5fd2393000 ---p 00000000 00:00 0 
7f5fd2393000-7f5fd2593000 rw-p 00000000 00:00 0 
7f5fd2593000-7f5fd2596000 ---p 00000000 00:00 0 
7f5fd2596000-7f5fd2694000 rw-p 00000000 00:00 0 
7f5fd2694000-7f5fd2697000 ---p 00000000 00:00 0 
7f5fd2697000-7f5fd2795000 rw-p 00000000 00:00 0 
7f5fd2795000-7f5fd27ff000 r-xp 00000000 08:07 9177673                    /usr/lib/jvm/java-8-oracle/jre/lib/amd64/libt2k.so
7f5fd27ff000-7f5fd29fe000 ---p 0006a000 08:07 9177673                    /usr/lib/jvm/java-8-oracle/jre/lib/amd64/libt2k.so
7f5fd29fe000-7f5fd2a05000 rw-p 00069000 08:07 9177673                    /usr/lib/jvm/java-8-oracle/jre/lib/amd64/libt2k.so
7f5fd2a05000-7f5fd2a15000 rw-p 00000000 00:00 0 
7f5fd2a15000-7f5fd2a26000 r-xp 00000000 08:07 9177719                    /usr/lib/jvm/java-8-oracle/jre/lib/amd64/libnio.so
7f5fd2a26000-7f5fd2c25000 ---p 00011000 08:07 9177719                    /usr/lib/jvm/java-8-oracle/jre/lib/amd64/libnio.so
7f5fd2c25000-7f5fd2c26000 rw-p 00010000 08:07 9177719                    /usr/lib/jvm/java-8-oracle/jre/lib/amd64/libnio.so
7f5fd2c26000-7f5fd2c3c000 r-xp 00000000 08:07 9177716                    /usr/lib/jvm/java-8-oracle/jre/lib/amd64/libnet.so
7f5fd2c3c000-7f5fd2e3c000 ---p 00016000 08:07 9177716                    /usr/lib/jvm/java-8-oracle/jre/lib/amd64/libnet.so
7f5fd2e3c000-7f5fd2e3d000 rw-p 00016000 08:07 9177716                    /usr/lib/jvm/java-8-oracle/jre/lib/amd64/libnet.so
7f5fd2e3d000-7f5fd2e40000 ---p 00000000 00:00 0 
7f5fd2e40000-7f5fd2f3e000 rw-p 00000000 00:00 0 
7f5fd2f3e000-7f5fd2f41000 ---p 00000000 00:00 0 
7f5fd2f41000-7f5fd303f000 rw-p 00000000 00:00 0 
7f5fd303f000-7f5fd3044000 r-xp 00000000 08:07 8918275                    /usr/lib/x86_64-linux-gnu/libXfixes.so.3.1.0
7f5fd3044000-7f5fd3243000 ---p 00005000 08:07 8918275                    /usr/lib/x86_64-linux-gnu/libXfixes.so.3.1.0
7f5fd3243000-7f5fd3244000 r--p 00004000 08:07 8918275                    /usr/lib/x86_64-linux-gnu/libXfixes.so.3.1.0
7f5fd3244000-7f5fd3245000 rw-p 00005000 08:07 8918275                    /usr/lib/x86_64-linux-gnu/libXfixes.so.3.1.0
7f5fd3245000-7f5fd324e000 r-xp 00000000 08:07 8921082                    /usr/lib/x86_64-linux-gnu/libXcursor.so.1.0.2
7f5fd324e000-7f5fd344d000 ---p 00009000 08:07 8921082                    /usr/lib/x86_64-linux-gnu/libXcursor.so.1.0.2
7f5fd344d000-7f5fd344e000 r--p 00008000 08:07 8921082                    /usr/lib/x86_64-linux-gnu/libXcursor.so.1.0.2
7f5fd344e000-7f5fd344f000 rw-p 00009000 08:07 8921082                    /usr/lib/x86_64-linux-gnu/libXcursor.so.1.0.2
7f5fd344f000-7f5fd3452000 ---p 00000000 00:00 0 
7f5fd3452000-7f5fd3550000 rw-p 00000000 00:00 0 
7f5fd3550000-7f5fd3567000 r-xp 00000000 08:07 10223690                   /lib/x86_64-linux-gnu/libgcc_s.so.1
7f5fd3567000-7f5fd3766000 ---p 00017000 08:07 10223690                   /lib/x86_64-linux-gnu/libgcc_s.so.1
7f5fd3766000-7f5fd3767000 r--p 00016000 08:07 10223690                   /lib/x86_64-linux-gnu/libgcc_s.so.1
7f5fd3767000-7f5fd3768000 rw-p 00017000 08:07 10223690                   /lib/x86_64-linux-gnu/libgcc_s.so.1
7f5fd3768000-7f5fd37cd000 r-xp 00000000 08:07 9177691                    /usr/lib/jvm/java-8-oracle/jre/lib/amd64/libfontmanager.so
7f5fd37cd000-7f5fd39cc000 ---p 00065000 08:07 9177691                    /usr/lib/jvm/java-8-oracle/jre/lib/amd64/libfontmanager.so
7f5fd39cc000-7f5fd39d1000 rw-p 00064000 08:07 9177691                    /usr/lib/jvm/java-8-oracle/jre/lib/amd64/libfontmanager.so
7f5fd39d1000-7f5fd39e1000 rw-p 00000000 00:00 0 
7f5fd39e1000-7f5fd39f4000 r-xp 00000000 08:07 10223802                   /lib/x86_64-linux-gnu/libbsd.so.0.8.7
7f5fd39f4000-7f5fd3bf3000 ---p 00013000 08:07 10223802                   /lib/x86_64-linux-gnu/libbsd.so.0.8.7
7f5fd3bf3000-7f5fd3bf4000 r--p 00012000 08:07 10223802                   /lib/x86_64-linux-gnu/libbsd.so.0.8.7
7f5fd3bf4000-7f5fd3bf5000 rw-p 00013000 08:07 10223802                   /lib/x86_64-linux-gnu/libbsd.so.0.8.7
7f5fd3bf5000-7f5fd3bf6000 rw-p 00000000 00:00 0 
7f5fd3bf6000-7f5fd3bfb000 r-xp 00000000 08:07 8918253                    /usr/lib/x86_64-linux-gnu/libXdmcp.so.6.0.0
7f5fd3bfb000-7f5fd3dfa000 ---p 00005000 08:07 8918253                    /usr/lib/x86_64-linux-gnu/libXdmcp.so.6.0.0
7f5fd3dfa000-7f5fd3dfb000 r--p 00004000 08:07 8918253                    /usr/lib/x86_64-linux-gnu/libXdmcp.so.6.0.0
7f5fd3dfb000-7f5fd3dfc000 rw-p 00005000 08:07 8918253                    /usr/lib/x86_64-linux-gnu/libXdmcp.so.6.0.0
7f5fd3dfc000-7f5fd3dfe000 r-xp 00000000 08:07 8921068                    /usr/lib/x86_64-linux-gnu/libXau.so.6.0.0
7f5fd3dfe000-7f5fd3ffe000 ---p 00002000 08:07 8921068                    /usr/lib/x86_64-linux-gnu/libXau.so.6.0.0
7f5fd3ffe000-7f5fd3fff000 r--p 00002000 08:07 8921068                    /usr/lib/x86_64-linux-gnu/libXau.so.6.0.0
7f5fd3fff000-7f5fd4000000 rw-p 00003000 08:07 8921068                    /usr/lib/x86_64-linux-gnu/libXau.so.6.0.0
7f5fd4000000-7f5fd4021000 rw-p 00000000 00:00 0 
7f5fd4021000-7f5fd8000000 ---p 00000000 00:00 0 
7f5fd8000000-7f5fd8021000 rw-p 00000000 00:00 0 
7f5fd8021000-7f5fdc000000 ---p 00000000 00:00 0 
7f5fdc000000-7f5fdc08b000 rw-p 00000000 00:00 0 
7f5fdc08b000-7f5fe0000000 ---p 00000000 00:00 0 
7f5fe0000000-7f5fe02a9000 rw-p 00000000 00:00 0 
7f5fe02a9000-7f5fe4000000 ---p 00000000 00:00 0 
7f5fe4000000-7f5fe4021000 rw-p 00000000 00:00 0 
7f5fe4021000-7f5fe8000000 ---p 00000000 00:00 0 
7f5fe8000000-7f5fe80e3000 rw-p 00000000 00:00 0 
7f5fe80e3000-7f5fec000000 ---p 00000000 00:00 0 
7f5fec000000-7f5fec021000 rw-p 00000000 00:00 0 
7f5fec021000-7f5ff0000000 ---p 00000000 00:00 0 
7f5ff0000000-7f5ff0021000 rw-p 00000000 00:00 0 
7f5ff0021000-7f5ff4000000 ---p 00000000 00:00 0 
7f5ff4000000-7f5ff4021000 rw-p 00000000 00:00 0 
7f5ff4021000-7f5ff8000000 ---p 00000000 00:00 0 
7f5ff8000000-7f5ff8021000 rw-p 00000000 00:00 0 
7f5ff8021000-7f5ffc000000 ---p 00000000 00:00 0 
7f5ffc0d9000-7f5ffc0ff000 r-xp 00000000 08:07 8914361                    /usr/lib/x86_64-linux-gnu/libxcb.so.1.1.0
7f5ffc0ff000-7f5ffc2ff000 ---p 00026000 08:07 8914361                    /usr/lib/x86_64-linux-gnu/libxcb.so.1.1.0
7f5ffc2ff000-7f5ffc300000 r--p 00026000 08:07 8914361                    /usr/lib/x86_64-linux-gnu/libxcb.so.1.1.0
7f5ffc300000-7f5ffc301000 rw-p 00027000 08:07 8914361                    /usr/lib/x86_64-linux-gnu/libxcb.so.1.1.0
7f5ffc301000-7f5ffc310000 r-xp 00000000 08:07 8921620                    /usr/lib/x86_64-linux-gnu/libXi.so.6.1.0
7f5ffc310000-7f5ffc50f000 ---p 0000f000 08:07 8921620                    /usr/lib/x86_64-linux-gnu/libXi.so.6.1.0
7f5ffc50f000-7f5ffc510000 r--p 0000e000 08:07 8921620                    /usr/lib/x86_64-linux-gnu/libXi.so.6.1.0
7f5ffc510000-7f5ffc511000 rw-p 0000f000 08:07 8921620                    /usr/lib/x86_64-linux-gnu/libXi.so.6.1.0
7f5ffc511000-7f5ffc516000 r-xp 00000000 08:07 8918302                    /usr/lib/x86_64-linux-gnu/libXtst.so.6.1.0
7f5ffc516000-7f5ffc715000 ---p 00005000 08:07 8918302                    /usr/lib/x86_64-linux-gnu/libXtst.so.6.1.0
7f5ffc715000-7f5ffc716000 r--p 00004000 08:07 8918302                    /usr/lib/x86_64-linux-gnu/libXtst.so.6.1.0
7f5ffc716000-7f5ffc717000 rw-p 00005000 08:07 8918302                    /usr/lib/x86_64-linux-gnu/libXtst.so.6.1.0
7f5ffc717000-7f5ffc720000 r-xp 00000000 08:07 8922088                    /usr/lib/x86_64-linux-gnu/libXrender.so.1.3.0
7f5ffc720000-7f5ffc91f000 ---p 00009000 08:07 8922088                    /usr/lib/x86_64-linux-gnu/libXrender.so.1.3.0
7f5ffc91f000-7f5ffc920000 r--p 00008000 08:07 8922088                    /usr/lib/x86_64-linux-gnu/libXrender.so.1.3.0
7f5ffc920000-7f5ffc921000 rw-p 00009000 08:07 8922088                    /usr/lib/x86_64-linux-gnu/libXrender.so.1.3.0
7f5ffc921000-7f5ffca55000 r-xp 00000000 08:07 8918241                    /usr/lib/x86_64-linux-gnu/libX11.so.6.3.0
7f5ffca55000-7f5ffcc55000 ---p 00134000 08:07 8918241                    /usr/lib/x86_64-linux-gnu/libX11.so.6.3.0
7f5ffcc55000-7f5ffcc56000 r--p 00134000 08:07 8918241                    /usr/lib/x86_64-linux-gnu/libX11.so.6.3.0
7f5ffcc56000-7f5ffcc5a000 rw-p 00135000 08:07 8918241                    /usr/lib/x86_64-linux-gnu/libX11.so.6.3.0
7f5ffcc5a000-7f5ffcc6b000 r-xp 00000000 08:07 8921081                    /usr/lib/x86_64-linux-gnu/libXext.so.6.4.0
7f5ffcc6b000-7f5ffce6a000 ---p 00011000 08:07 8921081                    /usr/lib/x86_64-linux-gnu/libXext.so.6.4.0
7f5ffce6a000-7f5ffce6b000 r--p 00010000 08:07 8921081                    /usr/lib/x86_64-linux-gnu/libXext.so.6.4.0
7f5ffce6b000-7f5ffce6c000 rw-p 00011000 08:07 8921081                    /usr/lib/x86_64-linux-gnu/libXext.so.6.4.0
7f5ffce6c000-7f5ffcec0000 r-xp 00000000 08:07 9177723                    /usr/lib/jvm/java-8-oracle/jre/lib/amd64/libawt_xawt.so
7f5ffcec0000-7f5ffd0c0000 ---p 00054000 08:07 9177723                    /usr/lib/jvm/java-8-oracle/jre/lib/amd64/libawt_xawt.so
7f5ffd0c0000-7f5ffd0c4000 rw-p 00054000 08:07 9177723                    /usr/lib/jvm/java-8-oracle/jre/lib/amd64/libawt_xawt.so
7f5ffd0c4000-7f5ffd0c5000 rw-p 00000000 00:00 0 
7f5ffd0c5000-7f5ffd167000 r-xp 00000000 08:07 9177709                    /usr/lib/jvm/java-8-oracle/jre/lib/amd64/libawt.so
7f5ffd167000-7f5ffd367000 ---p 000a2000 08:07 9177709                    /usr/lib/jvm/java-8-oracle/jre/lib/amd64/libawt.so
7f5ffd367000-7f5ffd373000 rw-p 000a2000 08:07 9177709                    /usr/lib/jvm/java-8-oracle/jre/lib/amd64/libawt.so
7f5ffd373000-7f5ffd397000 rw-p 00000000 00:00 0 
7f5ffd397000-7f5ffd398000 ---p 00000000 00:00 0 
7f5ffd398000-7f5ffd498000 rw-p 00000000 00:00 0 
7f5ffd498000-7f5ffd49b000 ---p 00000000 00:00 0 
7f5ffd49b000-7f5ffd599000 rw-p 00000000 00:00 0 
7f5ffd599000-7f5ffd59a000 ---p 00000000 00:00 0 
7f5ffd59a000-7f5ffd59d000 ---p 00000000 00:00 0 
7f5ffd59d000-7f5ffd69a000 rw-p 00000000 00:00 0 
7f5ffd69a000-7f5ffd69b000 ---p 00000000 00:00 0 
7f5ffd69b000-7f5ffd69e000 ---p 00000000 00:00 0 
7f5ffd69e000-7f5ffd79b000 rw-p 00000000 00:00 0 
7f5ffd79b000-7f5ffd79c000 ---p 00000000 00:00 0 
7f5ffd79c000-7f5ffd79f000 ---p 00000000 00:00 0 
7f5ffd79f000-7f5ffd89c000 rw-p 00000000 00:00 0 
7f5ffd89c000-7f5ffd89f000 ---p 00000000 00:00 0 
7f5ffd89f000-7f5ffd99d000 rw-p 00000000 00:00 0 
7f5ffd99d000-7f5ffddac000 r--p 00000000 08:07 8917804                    /usr/lib/locale/locale-archive
7f5ffddac000-7f5ffddaf000 ---p 00000000 00:00 0 
7f5ffddaf000-7f5ffdead000 rw-p 00000000 00:00 0 
7f5ffdead000-7f5ffdeb0000 ---p 00000000 00:00 0 
7f5ffdeb0000-7f5ffdfae000 rw-p 00000000 00:00 0 
7f5ffdfae000-7f5ffdfaf000 ---p 00000000 00:00 0 
7f5ffdfaf000-7f6000000000 rw-p 00000000 00:00 0 
7f6000000000-7f6000021000 rw-p 00000000 00:00 0 
7f6000021000-7f6004000000 ---p 00000000 00:00 0 
7f6004000000-7f6004021000 rw-p 00000000 00:00 0 
7f6004021000-7f6008000000 ---p 00000000 00:00 0 
7f6008000000-7f6008021000 rw-p 00000000 00:00 0 
7f6008021000-7f600c000000 ---p 00000000 00:00 0 
7f600c018000-7f600ce26000 rw-p 00000000 00:00 0 
7f600ce26000-7f600d000000 r--s 03d68000 08:07 9176517                    /usr/lib/jvm/java-8-oracle/jre/lib/rt.jar
7f600d000000-7f600d2b0000 rwxp 00000000 00:00 0 
7f600d2b0000-7f601c000000 ---p 00000000 00:00 0 
7f601c000000-7f601c328000 rw-p 00000000 00:00 0 
7f601c328000-7f6020000000 ---p 00000000 00:00 0 
7f6020040000-7f6020053000 r--s 00345000 08:07 9177318                    /usr/lib/jvm/java-8-oracle/jre/lib/resources.jar
7f6020053000-7f6020b60000 rw-p 00000000 00:00 0 
7f6020b60000-7f6020b61000 ---p 00000000 00:00 0 
7f6020b61000-7f6020c61000 rw-p 00000000 00:00 0 
7f6020c61000-7f6020c62000 ---p 00000000 00:00 0 
7f6020c62000-7f6020d62000 rw-p 00000000 00:00 0 
7f6020d62000-7f6020d63000 ---p 00000000 00:00 0 
7f6020d63000-7f6020e63000 rw-p 00000000 00:00 0 
7f6020e63000-7f6020e64000 ---p 00000000 00:00 0 
7f6020e64000-7f6020f79000 rw-p 00000000 00:00 0 
7f6020f79000-7f60210a8000 ---p 00000000 00:00 0 
7f60210a8000-7f60210bd000 rw-p 00000000 00:00 0 
7f60210bd000-7f60211eb000 ---p 00000000 00:00 0 
7f60211eb000-7f60211f6000 rw-p 00000000 00:00 0 
7f60211f6000-7f602128d000 ---p 00000000 00:00 0 
7f602128d000-7f6021299000 rw-p 00000000 00:00 0 
7f6021299000-7f602164e000 ---p 00000000 00:00 0 
7f602164e000-7f6021669000 r-xp 00000000 08:07 9177712                    /usr/lib/jvm/java-8-oracle/jre/lib/amd64/libzip.so
7f6021669000-7f6021869000 ---p 0001b000 08:07 9177712                    /usr/lib/jvm/java-8-oracle/jre/lib/amd64/libzip.so
7f6021869000-7f602186a000 rw-p 0001b000 08:07 9177712                    /usr/lib/jvm/java-8-oracle/jre/lib/amd64/libzip.so
7f602186a000-7f6021875000 r-xp 00000000 08:07 10223900                   /lib/x86_64-linux-gnu/libnss_files-2.27.so
7f6021875000-7f6021a74000 ---p 0000b000 08:07 10223900                   /lib/x86_64-linux-gnu/libnss_files-2.27.so
7f6021a74000-7f6021a75000 r--p 0000a000 08:07 10223900                   /lib/x86_64-linux-gnu/libnss_files-2.27.so
7f6021a75000-7f6021a76000 rw-p 0000b000 08:07 10223900                   /lib/x86_64-linux-gnu/libnss_files-2.27.so
7f6021a76000-7f6021a7c000 rw-p 00000000 00:00 0 
7f6021a7c000-7f6021a93000 r-xp 00000000 08:07 10223894                   /lib/x86_64-linux-gnu/libnsl-2.27.so
7f6021a93000-7f6021c92000 ---p 00017000 08:07 10223894                   /lib/x86_64-linux-gnu/libnsl-2.27.so
7f6021c92000-7f6021c93000 r--p 00016000 08:07 10223894                   /lib/x86_64-linux-gnu/libnsl-2.27.so
7f6021c93000-7f6021c94000 rw-p 00017000 08:07 10223894                   /lib/x86_64-linux-gnu/libnsl-2.27.so
7f6021c94000-7f6021c96000 rw-p 00000000 00:00 0 
7f6021c96000-7f6021ca1000 r-xp 00000000 08:07 10223904                   /lib/x86_64-linux-gnu/libnss_nis-2.27.so
7f6021ca1000-7f6021ea0000 ---p 0000b000 08:07 10223904                   /lib/x86_64-linux-gnu/libnss_nis-2.27.so
7f6021ea0000-7f6021ea1000 r--p 0000a000 08:07 10223904                   /lib/x86_64-linux-gnu/libnss_nis-2.27.so
7f6021ea1000-7f6021ea2000 rw-p 0000b000 08:07 10223904                   /lib/x86_64-linux-gnu/libnss_nis-2.27.so
7f6021ea2000-7f6021eaa000 r-xp 00000000 08:07 10223896                   /lib/x86_64-linux-gnu/libnss_compat-2.27.so
7f6021eaa000-7f60220aa000 ---p 00008000 08:07 10223896                   /lib/x86_64-linux-gnu/libnss_compat-2.27.so
7f60220aa000-7f60220ab000 r--p 00008000 08:07 10223896                   /lib/x86_64-linux-gnu/libnss_compat-2.27.so
7f60220ab000-7f60220ac000 rw-p 00009000 08:07 10223896                   /lib/x86_64-linux-gnu/libnss_compat-2.27.so
7f60220ac000-7f60220d7000 r-xp 00000000 08:07 9177705                    /usr/lib/jvm/java-8-oracle/jre/lib/amd64/libjava.so
7f60220d7000-7f60222d6000 ---p 0002b000 08:07 9177705                    /usr/lib/jvm/java-8-oracle/jre/lib/amd64/libjava.so
7f60222d6000-7f60222d8000 rw-p 0002a000 08:07 9177705                    /usr/lib/jvm/java-8-oracle/jre/lib/amd64/libjava.so
7f60222d8000-7f60222e5000 r-xp 00000000 08:07 9177711                    /usr/lib/jvm/java-8-oracle/jre/lib/amd64/libverify.so
7f60222e5000-7f60224e5000 ---p 0000d000 08:07 9177711                    /usr/lib/jvm/java-8-oracle/jre/lib/amd64/libverify.so
7f60224e5000-7f60224e7000 rw-p 0000d000 08:07 9177711                    /usr/lib/jvm/java-8-oracle/jre/lib/amd64/libverify.so
7f60224e7000-7f60224ee000 r-xp 00000000 08:07 10223914                   /lib/x86_64-linux-gnu/librt-2.27.so
7f60224ee000-7f60226ed000 ---p 00007000 08:07 10223914                   /lib/x86_64-linux-gnu/librt-2.27.so
7f60226ed000-7f60226ee000 r--p 00006000 08:07 10223914                   /lib/x86_64-linux-gnu/librt-2.27.so
7f60226ee000-7f60226ef000 rw-p 00007000 08:07 10223914                   /lib/x86_64-linux-gnu/librt-2.27.so
7f60226ef000-7f602288c000 r-xp 00000000 08:07 10223888                   /lib/x86_64-linux-gnu/libm-2.27.so
7f602288c000-7f6022a8b000 ---p 0019d000 08:07 10223888                   /lib/x86_64-linux-gnu/libm-2.27.so
7f6022a8b000-7f6022a8c000 r--p 0019c000 08:07 10223888                   /lib/x86_64-linux-gnu/libm-2.27.so
7f6022a8c000-7f6022a8d000 rw-p 0019d000 08:07 10223888                   /lib/x86_64-linux-gnu/libm-2.27.so
7f6022a8d000-7f6023766000 r-xp 00000000 08:07 9177683                    /usr/lib/jvm/java-8-oracle/jre/lib/amd64/server/libjvm.so
7f6023766000-7f6023965000 ---p 00cd9000 08:07 9177683                    /usr/lib/jvm/java-8-oracle/jre/lib/amd64/server/libjvm.so
7f6023965000-7f6023a3f000 rw-p 00cd8000 08:07 9177683                    /usr/lib/jvm/java-8-oracle/jre/lib/amd64/server/libjvm.so
7f6023a3f000-7f6023a8a000 rw-p 00000000 00:00 0 
7f6023a8a000-7f6023c71000 r-xp 00000000 08:07 10223880                   /lib/x86_64-linux-gnu/libc-2.27.so
7f6023c71000-7f6023e71000 ---p 001e7000 08:07 10223880                   /lib/x86_64-linux-gnu/libc-2.27.so
7f6023e71000-7f6023e75000 r--p 001e7000 08:07 10223880                   /lib/x86_64-linux-gnu/libc-2.27.so
7f6023e75000-7f6023e77000 rw-p 001eb000 08:07 10223880                   /lib/x86_64-linux-gnu/libc-2.27.so
7f6023e77000-7f6023e7b000 rw-p 00000000 00:00 0 
7f6023e7b000-7f6023e7e000 r-xp 00000000 08:07 10223886                   /lib/x86_64-linux-gnu/libdl-2.27.so
7f6023e7e000-7f602407d000 ---p 00003000 08:07 10223886                   /lib/x86_64-linux-gnu/libdl-2.27.so
7f602407d000-7f602407e000 r--p 00002000 08:07 10223886                   /lib/x86_64-linux-gnu/libdl-2.27.so
7f602407e000-7f602407f000 rw-p 00003000 08:07 10223886                   /lib/x86_64-linux-gnu/libdl-2.27.so
7f602407f000-7f6024095000 r-xp 00000000 08:07 9175973                    /usr/lib/jvm/java-8-oracle/lib/amd64/jli/libjli.so
7f6024095000-7f6024294000 ---p 00016000 08:07 9175973                    /usr/lib/jvm/java-8-oracle/lib/amd64/jli/libjli.so
7f6024294000-7f6024295000 rw-p 00015000 08:07 9175973                    /usr/lib/jvm/java-8-oracle/lib/amd64/jli/libjli.so
7f6024295000-7f60242af000 r-xp 00000000 08:07 10223910                   /lib/x86_64-linux-gnu/libpthread-2.27.so
7f60242af000-7f60244ae000 ---p 0001a000 08:07 10223910                   /lib/x86_64-linux-gnu/libpthread-2.27.so
7f60244ae000-7f60244af000 r--p 00019000 08:07 10223910                   /lib/x86_64-linux-gnu/libpthread-2.27.so
7f60244af000-7f60244b0000 rw-p 0001a000 08:07 10223910                   /lib/x86_64-linux-gnu/libpthread-2.27.so
7f60244b0000-7f60244b4000 rw-p 00000000 00:00 0 
7f60244b4000-7f60244db000 r-xp 00000000 08:07 10223858                   /lib/x86_64-linux-gnu/ld-2.27.so
7f60244e2000-7f60245ba000 rw-p 00000000 00:00 0 
7f60245ba000-7f60245bb000 ---p 00000000 00:00 0 
7f60245bb000-7f60245be000 ---p 00000000 00:00 0 
7f60245be000-7f60246bd000 rw-p 00000000 00:00 0 
7f60246cf000-7f60246d7000 rw-s 00000000 08:07 9178570                    /tmp/hsperfdata_alex/9835
7f60246d7000-7f60246d8000 rw-p 00000000 00:00 0 
7f60246d8000-7f60246d9000 ---p 00000000 00:00 0 
7f60246d9000-7f60246db000 rw-p 00000000 00:00 0 
7f60246db000-7f60246dc000 r--p 00027000 08:07 10223858                   /lib/x86_64-linux-gnu/ld-2.27.so
7f60246dc000-7f60246dd000 rw-p 00028000 08:07 10223858                   /lib/x86_64-linux-gnu/ld-2.27.so
7f60246dd000-7f60246de000 rw-p 00000000 00:00 0 
7ffecbc97000-7ffecbcb8000 rw-p 00000000 00:00 0                          [stack]
7ffecbd5d000-7ffecbd60000 r--p 00000000 00:00 0                          [vvar]
7ffecbd60000-7ffecbd62000 r-xp 00000000 00:00 0                          [vdso]
ffffffffff600000-ffffffffff601000 r-xp 00000000 00:00 0                  [vsyscall]

VM Arguments:
jvm_args: -Dfile.encoding=UTF-8 
java_command: Main
java_class_path (initial): /home/alex/NetBeansProjects/Parcial2/build/classes
Launcher Type: SUN_STANDARD

Environment Variables:
JAVA_HOME=/usr/lib/jvm/java-8-oracle
PATH=/home/alex/bin:/home/alex/.local/bin:/usr/local/sbin:/usr/local/bin:/usr/sbin:/usr/bin:/sbin:/bin:/usr/games:/usr/local/games:/snap/bin:/usr/lib/jvm/java-8-oracle/bin:/usr/lib/jvm/java-8-oracle/db/bin:/usr/lib/jvm/java-8-oracle/jre/bin
USERNAME=alex
LD_LIBRARY_PATH=/usr/lib/jvm/java-8-oracle/jre/lib/amd64:/usr/lib/jvm/java-8-oracle/jre/lib/i386:
SHELL=/bin/bash
DISPLAY=:0

Signal Handlers:
SIGSEGV: [libjvm.so+0xad0890], sa_mask[0]=11111111011111111101111111111110, sa_flags=SA_RESTART|SA_SIGINFO
SIGBUS: [libjvm.so+0xad0890], sa_mask[0]=11111111011111111101111111111110, sa_flags=SA_RESTART|SA_SIGINFO
SIGFPE: [libjvm.so+0x928640], sa_mask[0]=11111111011111111101111111111110, sa_flags=SA_RESTART|SA_SIGINFO
SIGPIPE: [libjvm.so+0x928640], sa_mask[0]=11111111011111111101111111111110, sa_flags=SA_RESTART|SA_SIGINFO
SIGXFSZ: [libjvm.so+0x928640], sa_mask[0]=11111111011111111101111111111110, sa_flags=SA_RESTART|SA_SIGINFO
SIGILL: [libjvm.so+0x928640], sa_mask[0]=11111111011111111101111111111110, sa_flags=SA_RESTART|SA_SIGINFO
SIGUSR1: SIG_DFL, sa_mask[0]=00000000000000000000000000000000, sa_flags=none
SIGUSR2: [libjvm.so+0x929ea0], sa_mask[0]=00100000000000000000000000000000, sa_flags=SA_RESTART|SA_SIGINFO
SIGHUP: [libjvm.so+0x92b2a0], sa_mask[0]=11111111011111111101111111111110, sa_flags=SA_RESTART|SA_SIGINFO
SIGINT: SIG_IGN, sa_mask[0]=00000000000000000000000000000000, sa_flags=none
SIGTERM: [libjvm.so+0x92b2a0], sa_mask[0]=11111111011111111101111111111110, sa_flags=SA_RESTART|SA_SIGINFO
SIGQUIT: [libjvm.so+0x92b2a0], sa_mask[0]=11111111011111111101111111111110, sa_flags=SA_RESTART|SA_SIGINFO


---------------  S Y S T E M  ---------------

OS:DISTRIB_ID=Ubuntu
DISTRIB_RELEASE=18.04
DISTRIB_CODENAME=bionic
DISTRIB_DESCRIPTION="Ubuntu 18.04 LTS"

uname:Linux 4.15.0-22-generic #24-Ubuntu SMP Wed May 16 12:15:17 UTC 2018 x86_64
libc:glibc 2.27 NPTL 2.27 
rlimit: STACK 8192k, CORE 0k, NPROC 15059, NOFILE 1048576, AS infinity
load average:18.82 5.28 2.49

/proc/meminfo:
MemTotal:        3969520 kB
MemFree:         2313376 kB
MemAvailable:    2502072 kB
Buffers:           97840 kB
Cached:           397000 kB
SwapCached:         2708 kB
Active:          1224748 kB
Inactive:         263644 kB
Active(anon):    1053252 kB
Inactive(anon):    64972 kB
Active(file):     171496 kB
Inactive(file):   198672 kB
Unevictable:          16 kB
Mlocked:              16 kB
SwapTotal:       4124668 kB
SwapFree:        3822496 kB
Dirty:               252 kB
Writeback:           252 kB
AnonPages:        992988 kB
Mapped:           126608 kB
Shmem:            124228 kB
Slab:              95892 kB
SReclaimable:      50604 kB
SUnreclaim:        45288 kB
KernelStack:        4784 kB
PageTables:         9692 kB
NFS_Unstable:          0 kB
Bounce:                0 kB
WritebackTmp:          0 kB
CommitLimit:     6109428 kB
Committed_AS:    2849572 kB
VmallocTotal:   34359738367 kB
VmallocUsed:           0 kB
VmallocChunk:          0 kB
HardwareCorrupted:     0 kB
AnonHugePages:         0 kB
ShmemHugePages:        0 kB
ShmemPmdMapped:        0 kB
CmaTotal:              0 kB
CmaFree:               0 kB
HugePages_Total:       0
HugePages_Free:        0
HugePages_Rsvd:        0
HugePages_Surp:        0
Hugepagesize:       2048 kB
DirectMap4k:      248128 kB
DirectMap2M:     3876864 kB
DirectMap1G:     1048576 kB


CPU:total 4 (initial active 4) (2 cores per cpu, 2 threads per core) family 6 model 69 stepping 1, cmov, cx8, fxsr, mmx, sse, sse2, sse3, ssse3, sse4.1, sse4.2, popcnt, avx, avx2, aes, clmul, erms, lzcnt, ht, tsc, tscinvbit, bmi1, bmi2

/proc/cpuinfo:
processor	: 0
vendor_id	: GenuineIntel
cpu family	: 6
model		: 69
model name	: Intel(R) Core(TM) i3-4005U CPU @ 1.70GHz
stepping	: 1
microcode	: 0x23
cpu MHz		: 1522.023
cache size	: 3072 KB
physical id	: 0
siblings	: 4
core id		: 0
cpu cores	: 2
apicid		: 0
initial apicid	: 0
fpu		: yes
fpu_exception	: yes
cpuid level	: 13
wp		: yes
flags		: fpu vme de pse tsc msr pae mce cx8 apic sep mtrr pge mca cmov pat pse36 clflush dts acpi mmx fxsr sse sse2 ss ht tm pbe syscall nx pdpe1gb rdtscp lm constant_tsc arch_perfmon pebs bts rep_good nopl xtopology nonstop_tsc cpuid aperfmperf pni pclmulqdq dtes64 monitor ds_cpl vmx est tm2 ssse3 sdbg fma cx16 xtpr pdcm pcid sse4_1 sse4_2 movbe popcnt tsc_deadline_timer aes xsave avx f16c rdrand lahf_lm abm cpuid_fault epb invpcid_single pti tpr_shadow vnmi flexpriority ept vpid fsgsbase tsc_adjust bmi1 avx2 smep bmi2 erms invpcid xsaveopt ibpb ibrs stibp dtherm ida arat pln pts
bugs		: cpu_meltdown spectre_v1 spectre_v2 spec_store_bypass
bogomips	: 3392.09
clflush size	: 64
cache_alignment	: 64
address sizes	: 39 bits physical, 48 bits virtual
power management:

processor	: 1
vendor_id	: GenuineIntel
cpu family	: 6
model		: 69
model name	: Intel(R) Core(TM) i3-4005U CPU @ 1.70GHz
stepping	: 1
microcode	: 0x23
cpu MHz		: 1537.550
cache size	: 3072 KB
physical id	: 0
siblings	: 4
core id		: 0
cpu cores	: 12
apicid		: 1
initial apicid	: 1
fpu		: yes
fpu_exception	: yes
cpuid level	: 13
wp		: yes
flags		: fpu vme de pse tsc msr pae mce cx8 apic sep mtrr pge mca cmov pat pse36 clflush dts acpi mmx fxsr sse sse2 ss ht tm pbe syscall nx pdpe1gb rdtscp lm constant_tsc arch_perfmon pebs bts rep_good nopl xtopology nonstop_tsc cpuid aperfmperf pni pclmulqdq dtes64 monitor ds_cpl vmx est tm2 ssse3 sdbg fma cx16 xtpr pdcm pcid sse4_1 sse4_2 movbe popcnt tsc_deadline_timer aes xsave avx f16c rdrand lahf_lm abm cpuid_fault epb invpcid_single pti tpr_shadow vnmi flexpriority ept vpid fsgsbase tsc_adjust bmi1 avx2 smep bmi2 erms invpcid xsaveopt ibpb ibrs stibp dtherm ida arat pln pts
bugs		: cpu_meltdown spectre_v1 spectre_v2 spec_store_bypass
bogomips	: 3392.09
clflush size	: 64
cache_alignment	: 64
address sizes	: 39 bits physical, 48 bits virtual
power management:

processor	: 2
vendor_id	: GenuineIntel
cpu family	: 6
model		: 69
model name	: Intel(R) Core(TM) i3-4005U CPU @ 1.70GHz
stepping	: 1
microcode	: 0x23
cpu MHz		: 1519.836
cache size	: 3072 KB
physical id	: 0
siblings	: 4
core id		: 1
cpu cores	: 22
apicid		: 2
initial apicid	: 2
fpu		: yes
fpu_exception	: yes
cpuid level	: 13
wp		: yes
flags		: fpu vme de pse tsc msr pae mce cx8 apic sep mtrr pge mca cmov pat pse36 clflush dts acpi mmx fxsr sse sse2 ss ht tm pbe syscall nx pdpe1gb rdtscp lm constant_tsc arch_perfmon pebs bts rep_good nopl xtopology nonstop_tsc cpuid aperfmperf pni pclmulqdq dtes64 monitor ds_cpl vmx est tm2 ssse3 sdbg fma cx16 xtpr pdcm pcid sse4_1 sse4_2 movbe popcnt tsc_deadline_timer aes xsave avx f16c rdrand lahf_lm abm cpuid_fault epb invpcid_single pti tpr_shadow vnmi flexpriority ept vpid fsgsbase tsc_adjust bmi1 avx2 smep bmi2 erms invpcid xsaveopt ibpb ibrs stibp dtherm ida arat pln pts
bugs		: cpu_meltdown spectre_v1 spectre_v2 spec_store_bypass
bogomips	: 3392.09
clflush size	: 64
cache_alignment	: 64
address sizes	: 39 bits physical, 48 bits virtual
power management:

processor	: 3
vendor_id	: GenuineIntel
cpu family	: 6
model		: 69
model name	: Intel(R) Core(TM) i3-4005U CPU @ 1.70GHz
stepping	: 1
microcode	: 0x23
cpu MHz		: 1522.499
cache size	: 3072 KB
physical id	: 0
siblings	: 4
core id		: 1
cpu cores	: 2
apicid		: 3
initial apicid	: 3
fpu		: yes
fpu_exception	: yes
cpuid level	: 13
wp		: yes
flags		: fpu vme de pse tsc msr pae mce cx8 apic sep mtrr pge mca cmov pat pse36 clflush dts acpi mmx fxsr sse sse2 ss ht tm pbe syscall nx pdpe1gb rdtscp lm constant_tsc arch_perfmon pebs bts rep_good nopl xtopology nonstop_tsc cpuid aperfmperf pni pclmulqdq dtes64 monitor ds_cpl vmx est tm2 ssse3 sdbg fma cx16 xtpr pdcm pcid sse4_1 sse4_2 movbe popcnt tsc_deadline_timer aes xsave avx f16c rdrand lahf_lm abm cpuid_fault epb invpcid_single pti tpr_shadow vnmi flexpriority ept vpid fsgsbase tsc_adjust bmi1 avx2 smep bmi2 erms invpcid xsaveopt ibpb ibrs stibp dtherm ida arat pln pts
bugs		: cpu_meltdown spectre_v1 spectre_v2 spec_store_bypass
bogomips	: 3392.09
clflush size	: 64
cache_alignment	: 64
address sizes	: 39 bits physical, 48 bits virtual
power management:



Memory: 4k page, physical 3969520k(2313376k free), swap 4124668k(3822496k free)

vm_info: Java HotSpot(TM) 64-Bit Server VM (25.171-b11) for linux-amd64 JRE (1.8.0_171-b11), built on Mar 28 2018 17:07:08 by "java_re" with gcc 4.3.0 20080428 (Red Hat 4.3.0-8)

time: Thu Jun 14 00:14:13 2018
elapsed time: 1113 seconds (0d 0h 18m 33s)

